[0.011s] Invoking command in '/home/vusolee806/ydlidar_ros2_ws/build/slam_gmapping': AMENT_PREFIX_PATH=/home/vusolee806/ydlidar_ros2_ws/install/openslam_gmapping:${AMENT_PREFIX_PATH} CMAKE_PREFIX_PATH=/home/vusolee806/ydlidar_ros2_ws/install/openslam_gmapping:/opt/ros/jazzy/opt/gz_sim_vendor:/opt/ros/jazzy/opt/gz_sensors_vendor:/opt/ros/jazzy/opt/gz_physics_vendor:/opt/ros/jazzy/opt/sdformat_vendor:/opt/ros/jazzy/opt/gz_gui_vendor:/opt/ros/jazzy/opt/gz_transport_vendor:/opt/ros/jazzy/opt/gz_rendering_vendor:/opt/ros/jazzy/opt/gz_plugin_vendor:/opt/ros/jazzy/opt/gz_fuel_tools_vendor:/opt/ros/jazzy/opt/gz_msgs_vendor:/opt/ros/jazzy/opt/gz_common_vendor:/opt/ros/jazzy/opt/gz_math_vendor:/opt/ros/jazzy/opt/gz_utils_vendor:/opt/ros/jazzy/opt/gz_tools_vendor:/opt/ros/jazzy/opt/gz_ogre_next_vendor:/opt/ros/jazzy/opt/gz_dartsim_vendor:/opt/ros/jazzy/opt/gz_cmake_vendor:/opt/ros/jazzy DEBUGINFOD_URLS=https://debuginfod.ubuntu.com LD_LIBRARY_PATH=/home/vusolee806/ydlidar_ros2_ws/install/openslam_gmapping/lib:${LD_LIBRARY_PATH} /usr/bin/cmake --build /home/vusolee806/ydlidar_ros2_ws/build/slam_gmapping -- -j16 -l16
[0.081s] [ 25%] [32mBuilding CXX object CMakeFiles/slam_gmapping.dir/src/slam_gmapping.cpp.o[0m
[0.096s] [ 50%] [32mBuilding CXX object CMakeFiles/transform.dir/src/transform.cpp.o[0m
[0.358s] In file included from [01m[K/home/vusolee806/ydlidar_ros2_ws/src/slam_gmapping/src/slam_gmapping.cpp:24[m[K:
[0.358s] [01m[K/home/vusolee806/ydlidar_ros2_ws/src/slam_gmapping/include/slam_gmapping/slam_gmapping.h:38:10:[m[K [01;31m[Kfatal error: [m[Ktf2_geometry_msgs/tf2_geometry_msgs.h: No such file or directory
[0.358s]    38 | #include [01;31m[K"tf2_geometry_msgs/tf2_geometry_msgs.h"[m[K
[0.358s]       |          [01;31m[K^~~~~~~~~~~~~~~~~~~~~~~~~~~~~~~~~~~~~~~[m[K
[0.359s] compilation terminated.
[0.362s] gmake[2]: *** [CMakeFiles/slam_gmapping.dir/build.make:76: CMakeFiles/slam_gmapping.dir/src/slam_gmapping.cpp.o] Error 1
[0.363s] gmake[1]: *** [CMakeFiles/Makefile2:139: CMakeFiles/slam_gmapping.dir/all] Error 2
[0.363s] gmake[1]: *** Waiting for unfinished jobs....
[0.370s] In file included from [01m[K/home/vusolee806/ydlidar_ros2_ws/src/slam_gmapping/src/transform.cpp:3[m[K:
[0.370s] [01m[K/home/vusolee806/ydlidar_ros2_ws/src/slam_gmapping/include/slam_gmapping/transform.h:18:10:[m[K [01;31m[Kfatal error: [m[Ktf2_geometry_msgs/tf2_geometry_msgs.h: No such file or directory
[0.370s]    18 | #include [01;31m[K"tf2_geometry_msgs/tf2_geometry_msgs.h"[m[K
[0.370s]       |          [01;31m[K^~~~~~~~~~~~~~~~~~~~~~~~~~~~~~~~~~~~~~~[m[K
[0.371s] compilation terminated.
[0.374s] gmake[2]: *** [CMakeFiles/transform.dir/build.make:76: CMakeFiles/transform.dir/src/transform.cpp.o] Error 1
[0.375s] gmake[1]: *** [CMakeFiles/Makefile2:165: CMakeFiles/transform.dir/all] Error 2
[0.375s] gmake: *** [Makefile:146: all] Error 2
[0.378s] Invoked command in '/home/vusolee806/ydlidar_ros2_ws/build/slam_gmapping' returned '2': AMENT_PREFIX_PATH=/home/vusolee806/ydlidar_ros2_ws/install/openslam_gmapping:${AMENT_PREFIX_PATH} CMAKE_PREFIX_PATH=/home/vusolee806/ydlidar_ros2_ws/install/openslam_gmapping:/opt/ros/jazzy/opt/gz_sim_vendor:/opt/ros/jazzy/opt/gz_sensors_vendor:/opt/ros/jazzy/opt/gz_physics_vendor:/opt/ros/jazzy/opt/sdformat_vendor:/opt/ros/jazzy/opt/gz_gui_vendor:/opt/ros/jazzy/opt/gz_transport_vendor:/opt/ros/jazzy/opt/gz_rendering_vendor:/opt/ros/jazzy/opt/gz_plugin_vendor:/opt/ros/jazzy/opt/gz_fuel_tools_vendor:/opt/ros/jazzy/opt/gz_msgs_vendor:/opt/ros/jazzy/opt/gz_common_vendor:/opt/ros/jazzy/opt/gz_math_vendor:/opt/ros/jazzy/opt/gz_utils_vendor:/opt/ros/jazzy/opt/gz_tools_vendor:/opt/ros/jazzy/opt/gz_ogre_next_vendor:/opt/ros/jazzy/opt/gz_dartsim_vendor:/opt/ros/jazzy/opt/gz_cmake_vendor:/opt/ros/jazzy DEBUGINFOD_URLS=https://debuginfod.ubuntu.com LD_LIBRARY_PATH=/home/vusolee806/ydlidar_ros2_ws/install/openslam_gmapping/lib:${LD_LIBRARY_PATH} /usr/bin/cmake --build /home/vusolee806/ydlidar_ros2_ws/build/slam_gmapping -- -j16 -l16
