[0.017s] Invoking command in '/home/vusolee806/ydlidar_ros2_ws/build/slam_gmapping': CMAKE_PREFIX_PATH=/home/vusolee806/ydlidar_ros2_ws/install/openslam_gmapping:/home/vusolee806/ydlidar_ros2_ws/install/ydlidar_ros2_driver:/opt/ros/jazzy/opt/gz_sim_vendor:/opt/ros/jazzy/opt/gz_sensors_vendor:/opt/ros/jazzy/opt/gz_physics_vendor:/opt/ros/jazzy/opt/sdformat_vendor:/opt/ros/jazzy/opt/gz_gui_vendor:/opt/ros/jazzy/opt/gz_transport_vendor:/opt/ros/jazzy/opt/gz_rendering_vendor:/opt/ros/jazzy/opt/gz_plugin_vendor:/opt/ros/jazzy/opt/gz_fuel_tools_vendor:/opt/ros/jazzy/opt/gz_msgs_vendor:/opt/ros/jazzy/opt/gz_common_vendor:/opt/ros/jazzy/opt/gz_math_vendor:/opt/ros/jazzy/opt/gz_utils_vendor:/opt/ros/jazzy/opt/gz_tools_vendor:/opt/ros/jazzy/opt/gz_ogre_next_vendor:/opt/ros/jazzy/opt/gz_dartsim_vendor:/opt/ros/jazzy/opt/gz_cmake_vendor:/opt/ros/jazzy DEBUGINFOD_URLS=https://debuginfod.ubuntu.com /usr/bin/cmake --build /home/vusolee806/ydlidar_ros2_ws/build/slam_gmapping -- -j16 -l16
[0.139s] [ 50%] [32mBuilding CXX object CMakeFiles/transform.dir/src/transform.cpp.o[0m
[0.139s] [ 75%] Built target slam_gmapping
[2.493s] In file included from [01m[K/home/vusolee806/ydlidar_ros2_ws/install/openslam_gmapping/include/gmapping/gridfastslam/gridslamprocessor.h:9[m[K,
[2.493s]                  from [01m[K/home/vusolee806/ydlidar_ros2_ws/src/slam_gmapping/include/slam_gmapping/transform.h:25[m[K,
[2.493s]                  from [01m[K/home/vusolee806/ydlidar_ros2_ws/src/slam_gmapping/src/transform.cpp:3[m[K:
[2.493s] [01m[K/home/vusolee806/ydlidar_ros2_ws/install/openslam_gmapping/include/gmapping/particlefilter/particlefilter.h:[m[K In function â€˜[01m[Kvoid[01;32m[K rle[m[K(OutputIterator&, const Iterator&, const Iterator&)[m[Kâ€™:
[2.493s] [01m[K/home/vusolee806/ydlidar_ros2_ws/install/openslam_gmapping/include/gmapping/particlefilter/particlefilter.h:140:9:[m[K [01;35m[Kwarning: [m[Kthis â€˜[01m[Kif[m[Kâ€™ clause does not guard... [[01;35m[K]8;;https://gcc.gnu.org/onlinedocs/gcc/Warning-Options.html#index-Wmisleading-indentation-Wmisleading-indentation]8;;[m[K]
[2.493s]   140 |         [01;35m[Kif[m[K (count>0)
[2.493s]       |         [01;35m[K^~[m[K
[2.493s] [01m[K/home/vusolee806/ydlidar_ros2_ws/install/openslam_gmapping/include/gmapping/particlefilter/particlefilter.h:142:17:[m[K [01;36m[Knote: [m[K...this statement, but the latter is misleadingly indented as if it were guarded by the â€˜[01m[Kif[m[Kâ€™
[2.494s]   142 |                 [01;36m[Kout[m[K++;
[2.494s]       |                 [01;36m[K^~~[m[K
[2.551s] [01m[K/home/vusolee806/ydlidar_ros2_ws/src/slam_gmapping/src/transform.cpp:[m[K In constructor â€˜[01m[KTransform::[01;32m[KTransform[m[K()[m[Kâ€™:
[2.551s] [01m[K/home/vusolee806/ydlidar_ros2_ws/src/slam_gmapping/src/transform.cpp:11:28:[m[K [01;31m[Kerror: [m[Kno matching function for call to â€˜[01m[KTransform::declare_parameter(const char [14])[m[Kâ€™
[2.552s]    11 |     [01;31m[Kthis->declare_parameter("parents_frame")[m[K;
[2.552s]       |     [01;31m[K~~~~~~~~~~~~~~~~~~~~~~~^~~~~~~~~~~~~~~~~[m[K
[2.552s] In file included from [01m[K/opt/ros/jazzy/include/rclcpp/rclcpp/executors/single_threaded_executor.hpp:28[m[K,
[2.552s]                  from [01m[K/opt/ros/jazzy/include/rclcpp/rclcpp/executors.hpp:22[m[K,
[2.552s]                  from [01m[K/opt/ros/jazzy/include/rclcpp/rclcpp/rclcpp.hpp:172[m[K,
[2.552s]                  from [01m[K/home/vusolee806/ydlidar_ros2_ws/src/slam_gmapping/include/slam_gmapping/transform.h:10[m[K:
[2.552s] [01m[K/opt/ros/jazzy/include/rclcpp/rclcpp/node.hpp:500:3:[m[K [01;36m[Knote: [m[Kcandidate: â€˜[01m[Ktemplate<class ParameterT> auto rclcpp::Node::[01;32m[Kdeclare_parameter[m[K(const std::string&, const ParameterT&, const rcl_interfaces::msg::ParameterDescriptor&, bool)[m[Kâ€™
[2.552s]   500 |   [01;36m[Kdeclare_parameter[m[K(
[2.552s]       |   [01;36m[K^~~~~~~~~~~~~~~~~[m[K
[2.552s] [01m[K/opt/ros/jazzy/include/rclcpp/rclcpp/node.hpp:500:3:[m[K [01;36m[Knote: [m[K  template argument deduction/substitution failed:
[2.565s] [01m[K/home/vusolee806/ydlidar_ros2_ws/src/slam_gmapping/src/transform.cpp:11:28:[m[K [01;36m[Knote: [m[K  candidate expects 4 arguments, 1 provided
[2.565s]    11 |     [01;36m[Kthis->declare_parameter("parents_frame")[m[K;
[2.566s]       |     [01;36m[K~~~~~~~~~~~~~~~~~~~~~~~^~~~~~~~~~~~~~~~~[m[K
[2.566s] [01m[K/opt/ros/jazzy/include/rclcpp/rclcpp/node.hpp:513:3:[m[K [01;36m[Knote: [m[Kcandidate: â€˜[01m[Ktemplate<class ParameterT> auto rclcpp::Node::[01;32m[Kdeclare_parameter[m[K(const std::string&, const rcl_interfaces::msg::ParameterDescriptor&, bool)[m[Kâ€™
[2.566s]   513 |   [01;36m[Kdeclare_parameter[m[K(
[2.566s]       |   [01;36m[K^~~~~~~~~~~~~~~~~[m[K
[2.566s] [01m[K/opt/ros/jazzy/include/rclcpp/rclcpp/node.hpp:513:3:[m[K [01;36m[Knote: [m[K  template argument deduction/substitution failed:
[2.566s] [01m[K/home/vusolee806/ydlidar_ros2_ws/src/slam_gmapping/src/transform.cpp:11:28:[m[K [01;36m[Knote: [m[K  couldnâ€™t deduce template parameter â€˜[01m[KParameterT[m[Kâ€™
[2.566s]    11 |     [01;36m[Kthis->declare_parameter("parents_frame")[m[K;
[2.566s]       |     [01;36m[K~~~~~~~~~~~~~~~~~~~~~~~^~~~~~~~~~~~~~~~~[m[K
[2.566s] [01m[K/opt/ros/jazzy/include/rclcpp/rclcpp/node.hpp:445:3:[m[K [01;36m[Knote: [m[Kcandidate: â€˜[01m[Kconst rclcpp::ParameterValue& rclcpp::Node::[01;32m[Kdeclare_parameter[m[K(const std::string&, const rclcpp::ParameterValue&, const rcl_interfaces::msg::ParameterDescriptor&, bool)[m[Kâ€™
[2.566s]   445 |   [01;36m[Kdeclare_parameter[m[K(
[2.566s]       |   [01;36m[K^~~~~~~~~~~~~~~~~[m[K
[2.566s] [01m[K/opt/ros/jazzy/include/rclcpp/rclcpp/node.hpp:445:3:[m[K [01;36m[Knote: [m[K  candidate expects 4 arguments, 1 provided
[2.566s] [01m[K/opt/ros/jazzy/include/rclcpp/rclcpp/node.hpp:470:3:[m[K [01;36m[Knote: [m[Kcandidate: â€˜[01m[Kconst rclcpp::ParameterValue& rclcpp::Node::[01;32m[Kdeclare_parameter[m[K(const std::string&, rclcpp::ParameterType, const rcl_interfaces::msg::ParameterDescriptor&, bool)[m[Kâ€™
[2.566s]   470 |   [01;36m[Kdeclare_parameter[m[K(
[2.567s]       |   [01;36m[K^~~~~~~~~~~~~~~~~[m[K
[2.567s] [01m[K/opt/ros/jazzy/include/rclcpp/rclcpp/node.hpp:470:3:[m[K [01;36m[Knote: [m[K  candidate expects 4 arguments, 1 provided
[2.567s] [01m[K/home/vusolee806/ydlidar_ros2_ws/src/slam_gmapping/src/transform.cpp:12:28:[m[K [01;31m[Kerror: [m[Kno matching function for call to â€˜[01m[KTransform::declare_parameter(const char [12])[m[Kâ€™
[2.567s]    12 |     [01;31m[Kthis->declare_parameter("child_frame")[m[K;
[2.567s]       |     [01;31m[K~~~~~~~~~~~~~~~~~~~~~~~^~~~~~~~~~~~~~~[m[K
[2.567s] [01m[K/opt/ros/jazzy/include/rclcpp/rclcpp/node.hpp:500:3:[m[K [01;36m[Knote: [m[Kcandidate: â€˜[01m[Ktemplate<class ParameterT> auto rclcpp::Node::[01;32m[Kdeclare_parameter[m[K(const std::string&, const ParameterT&, const rcl_interfaces::msg::ParameterDescriptor&, bool)[m[Kâ€™
[2.567s]   500 |   [01;36m[Kdeclare_parameter[m[K(
[2.567s]       |   [01;36m[K^~~~~~~~~~~~~~~~~[m[K
[2.567s] [01m[K/opt/ros/jazzy/include/rclcpp/rclcpp/node.hpp:500:3:[m[K [01;36m[Knote: [m[K  template argument deduction/substitution failed:
[2.567s] [01m[K/home/vusolee806/ydlidar_ros2_ws/src/slam_gmapping/src/transform.cpp:12:28:[m[K [01;36m[Knote: [m[K  candidate expects 4 arguments, 1 provided
[2.567s]    12 |     [01;36m[Kthis->declare_parameter("child_frame")[m[K;
[2.567s]       |     [01;36m[K~~~~~~~~~~~~~~~~~~~~~~~^~~~~~~~~~~~~~~[m[K
[2.567s] [01m[K/opt/ros/jazzy/include/rclcpp/rclcpp/node.hpp:513:3:[m[K [01;36m[Knote: [m[Kcandidate: â€˜[01m[Ktemplate<class ParameterT> auto rclcpp::Node::[01;32m[Kdeclare_parameter[m[K(const std::string&, const rcl_interfaces::msg::ParameterDescriptor&, bool)[m[Kâ€™
[2.567s]   513 |   [01;36m[Kdeclare_parameter[m[K(
[2.567s]       |   [01;36m[K^~~~~~~~~~~~~~~~~[m[K
[2.567s] [01m[K/opt/ros/jazzy/include/rclcpp/rclcpp/node.hpp:513:3:[m[K [01;36m[Knote: [m[K  template argument deduction/substitution failed:
[2.567s] [01m[K/home/vusolee806/ydlidar_ros2_ws/src/slam_gmapping/src/transform.cpp:12:28:[m[K [01;36m[Knote: [m[K  couldnâ€™t deduce template parameter â€˜[01m[KParameterT[m[Kâ€™
[2.567s]    12 |     [01;36m[Kthis->declare_parameter("child_frame")[m[K;
[2.567s]       |     [01;36m[K~~~~~~~~~~~~~~~~~~~~~~~^~~~~~~~~~~~~~~[m[K
[2.567s] [01m[K/opt/ros/jazzy/include/rclcpp/rclcpp/node.hpp:445:3:[m[K [01;36m[Knote: [m[Kcandidate: â€˜[01m[Kconst rclcpp::ParameterValue& rclcpp::Node::[01;32m[Kdeclare_parameter[m[K(const std::string&, const rclcpp::ParameterValue&, const rcl_interfaces::msg::ParameterDescriptor&, bool)[m[Kâ€™
[2.568s]   445 |   [01;36m[Kdeclare_parameter[m[K(
[2.568s]       |   [01;36m[K^~~~~~~~~~~~~~~~~[m[K
[2.568s] [01m[K/opt/ros/jazzy/include/rclcpp/rclcpp/node.hpp:445:3:[m[K [01;36m[Knote: [m[K  candidate expects 4 arguments, 1 provided
[2.568s] [01m[K/opt/ros/jazzy/include/rclcpp/rclcpp/node.hpp:470:3:[m[K [01;36m[Knote: [m[Kcandidate: â€˜[01m[Kconst rclcpp::ParameterValue& rclcpp::Node::[01;32m[Kdeclare_parameter[m[K(const std::string&, rclcpp::ParameterType, const rcl_interfaces::msg::ParameterDescriptor&, bool)[m[Kâ€™
[2.568s]   470 |   [01;36m[Kdeclare_parameter[m[K(
[2.568s]       |   [01;36m[K^~~~~~~~~~~~~~~~~[m[K
[2.568s] [01m[K/opt/ros/jazzy/include/rclcpp/rclcpp/node.hpp:470:3:[m[K [01;36m[Knote: [m[K  candidate expects 4 arguments, 1 provided
[2.568s] [01m[K/home/vusolee806/ydlidar_ros2_ws/src/slam_gmapping/src/transform.cpp:13:28:[m[K [01;31m[Kerror: [m[Kno matching function for call to â€˜[01m[KTransform::declare_parameter(const char [2])[m[Kâ€™
[2.568s]    13 |     [01;31m[Kthis->declare_parameter("x")[m[K;
[2.568s]       |     [01;31m[K~~~~~~~~~~~~~~~~~~~~~~~^~~~~[m[K
[2.568s] [01m[K/opt/ros/jazzy/include/rclcpp/rclcpp/node.hpp:500:3:[m[K [01;36m[Knote: [m[Kcandidate: â€˜[01m[Ktemplate<class ParameterT> auto rclcpp::Node::[01;32m[Kdeclare_parameter[m[K(const std::string&, const ParameterT&, const rcl_interfaces::msg::ParameterDescriptor&, bool)[m[Kâ€™
[2.568s]   500 |   [01;36m[Kdeclare_parameter[m[K(
[2.568s]       |   [01;36m[K^~~~~~~~~~~~~~~~~[m[K
[2.568s] [01m[K/opt/ros/jazzy/include/rclcpp/rclcpp/node.hpp:500:3:[m[K [01;36m[Knote: [m[K  template argument deduction/substitution failed:
[2.568s] [01m[K/home/vusolee806/ydlidar_ros2_ws/src/slam_gmapping/src/transform.cpp:13:28:[m[K [01;36m[Knote: [m[K  candidate expects 4 arguments, 1 provided
[2.568s]    13 |     [01;36m[Kthis->declare_parameter("x")[m[K;
[2.568s]       |     [01;36m[K~~~~~~~~~~~~~~~~~~~~~~~^~~~~[m[K
[2.568s] [01m[K/opt/ros/jazzy/include/rclcpp/rclcpp/node.hpp:513:3:[m[K [01;36m[Knote: [m[Kcandidate: â€˜[01m[Ktemplate<class ParameterT> auto rclcpp::Node::[01;32m[Kdeclare_parameter[m[K(const std::string&, const rcl_interfaces::msg::ParameterDescriptor&, bool)[m[Kâ€™
[2.568s]   513 |   [01;36m[Kdeclare_parameter[m[K(
[2.569s]       |   [01;36m[K^~~~~~~~~~~~~~~~~[m[K
[2.569s] [01m[K/opt/ros/jazzy/include/rclcpp/rclcpp/node.hpp:513:3:[m[K [01;36m[Knote: [m[K  template argument deduction/substitution failed:
[2.569s] [01m[K/home/vusolee806/ydlidar_ros2_ws/src/slam_gmapping/src/transform.cpp:13:28:[m[K [01;36m[Knote: [m[K  couldnâ€™t deduce template parameter â€˜[01m[KParameterT[m[Kâ€™
[2.569s]    13 |     [01;36m[Kthis->declare_parameter("x")[m[K;
[2.569s]       |     [01;36m[K~~~~~~~~~~~~~~~~~~~~~~~^~~~~[m[K
[2.569s] [01m[K/opt/ros/jazzy/include/rclcpp/rclcpp/node.hpp:445:3:[m[K [01;36m[Knote: [m[Kcandidate: â€˜[01m[Kconst rclcpp::ParameterValue& rclcpp::Node::[01;32m[Kdeclare_parameter[m[K(const std::string&, const rclcpp::ParameterValue&, const rcl_interfaces::msg::ParameterDescriptor&, bool)[m[Kâ€™
[2.569s]   445 |   [01;36m[Kdeclare_parameter[m[K(
[2.569s]       |   [01;36m[K^~~~~~~~~~~~~~~~~[m[K
[2.569s] [01m[K/opt/ros/jazzy/include/rclcpp/rclcpp/node.hpp:445:3:[m[K [01;36m[Knote: [m[K  candidate expects 4 arguments, 1 provided
[2.569s] [01m[K/opt/ros/jazzy/include/rclcpp/rclcpp/node.hpp:470:3:[m[K [01;36m[Knote: [m[Kcandidate: â€˜[01m[Kconst rclcpp::ParameterValue& rclcpp::Node::[01;32m[Kdeclare_parameter[m[K(const std::string&, rclcpp::ParameterType, const rcl_interfaces::msg::ParameterDescriptor&, bool)[m[Kâ€™
[2.569s]   470 |   [01;36m[Kdeclare_parameter[m[K(
[2.569s]       |   [01;36m[K^~~~~~~~~~~~~~~~~[m[K
[2.569s] [01m[K/opt/ros/jazzy/include/rclcpp/rclcpp/node.hpp:470:3:[m[K [01;36m[Knote: [m[K  candidate expects 4 arguments, 1 provided
[2.569s] [01m[K/home/vusolee806/ydlidar_ros2_ws/src/slam_gmapping/src/transform.cpp:14:28:[m[K [01;31m[Kerror: [m[Kno matching function for call to â€˜[01m[KTransform::declare_parameter(const char [2])[m[Kâ€™
[2.569s]    14 |     [01;31m[Kthis->declare_parameter("y")[m[K;
[2.569s]       |     [01;31m[K~~~~~~~~~~~~~~~~~~~~~~~^~~~~[m[K
[2.569s] [01m[K/opt/ros/jazzy/include/rclcpp/rclcpp/node.hpp:500:3:[m[K [01;36m[Knote: [m[Kcandidate: â€˜[01m[Ktemplate<class ParameterT> auto rclcpp::Node::[01;32m[Kdeclare_parameter[m[K(const std::string&, const ParameterT&, const rcl_interfaces::msg::ParameterDescriptor&, bool)[m[Kâ€™
[2.569s]   500 |   [01;36m[Kdeclare_parameter[m[K(
[2.569s]       |   [01;36m[K^~~~~~~~~~~~~~~~~[m[K
[2.569s] [01m[K/opt/ros/jazzy/include/rclcpp/rclcpp/node.hpp:500:3:[m[K [01;36m[Knote: [m[K  template argument deduction/substitution failed:
[2.570s] [01m[K/home/vusolee806/ydlidar_ros2_ws/src/slam_gmapping/src/transform.cpp:14:28:[m[K [01;36m[Knote: [m[K  candidate expects 4 arguments, 1 provided
[2.570s]    14 |     [01;36m[Kthis->declare_parameter("y")[m[K;
[2.570s]       |     [01;36m[K~~~~~~~~~~~~~~~~~~~~~~~^~~~~[m[K
[2.570s] [01m[K/opt/ros/jazzy/include/rclcpp/rclcpp/node.hpp:513:3:[m[K [01;36m[Knote: [m[Kcandidate: â€˜[01m[Ktemplate<class ParameterT> auto rclcpp::Node::[01;32m[Kdeclare_parameter[m[K(const std::string&, const rcl_interfaces::msg::ParameterDescriptor&, bool)[m[Kâ€™
[2.570s]   513 |   [01;36m[Kdeclare_parameter[m[K(
[2.570s]       |   [01;36m[K^~~~~~~~~~~~~~~~~[m[K
[2.570s] [01m[K/opt/ros/jazzy/include/rclcpp/rclcpp/node.hpp:513:3:[m[K [01;36m[Knote: [m[K  template argument deduction/substitution failed:
[2.570s] [01m[K/home/vusolee806/ydlidar_ros2_ws/src/slam_gmapping/src/transform.cpp:14:28:[m[K [01;36m[Knote: [m[K  couldnâ€™t deduce template parameter â€˜[01m[KParameterT[m[Kâ€™
[2.570s]    14 |     [01;36m[Kthis->declare_parameter("y")[m[K;
[2.570s]       |     [01;36m[K~~~~~~~~~~~~~~~~~~~~~~~^~~~~[m[K
[2.570s] [01m[K/opt/ros/jazzy/include/rclcpp/rclcpp/node.hpp:445:3:[m[K [01;36m[Knote: [m[Kcandidate: â€˜[01m[Kconst rclcpp::ParameterValue& rclcpp::Node::[01;32m[Kdeclare_parameter[m[K(const std::string&, const rclcpp::ParameterValue&, const rcl_interfaces::msg::ParameterDescriptor&, bool)[m[Kâ€™
[2.570s]   445 |   [01;36m[Kdeclare_parameter[m[K(
[2.570s]       |   [01;36m[K^~~~~~~~~~~~~~~~~[m[K
[2.570s] [01m[K/opt/ros/jazzy/include/rclcpp/rclcpp/node.hpp:445:3:[m[K [01;36m[Knote: [m[K  candidate expects 4 arguments, 1 provided
[2.570s] [01m[K/opt/ros/jazzy/include/rclcpp/rclcpp/node.hpp:470:3:[m[K [01;36m[Knote: [m[Kcandidate: â€˜[01m[Kconst rclcpp::ParameterValue& rclcpp::Node::[01;32m[Kdeclare_parameter[m[K(const std::string&, rclcpp::ParameterType, const rcl_interfaces::msg::ParameterDescriptor&, bool)[m[Kâ€™
[2.570s]   470 |   [01;36m[Kdeclare_parameter[m[K(
[2.570s]       |   [01;36m[K^~~~~~~~~~~~~~~~~[m[K
[2.570s] [01m[K/opt/ros/jazzy/include/rclcpp/rclcpp/node.hpp:470:3:[m[K [01;36m[Knote: [m[K  candidate expects 4 arguments, 1 provided
[2.570s] [01m[K/home/vusolee806/ydlidar_ros2_ws/src/slam_gmapping/src/transform.cpp:15:28:[m[K [01;31m[Kerror: [m[Kno matching function for call to â€˜[01m[KTransform::declare_parameter(const char [2])[m[Kâ€™
[2.571s]    15 |     [01;31m[Kthis->declare_parameter("z")[m[K;
[2.571s]       |     [01;31m[K~~~~~~~~~~~~~~~~~~~~~~~^~~~~[m[K
[2.571s] [01m[K/opt/ros/jazzy/include/rclcpp/rclcpp/node.hpp:500:3:[m[K [01;36m[Knote: [m[Kcandidate: â€˜[01m[Ktemplate<class ParameterT> auto rclcpp::Node::[01;32m[Kdeclare_parameter[m[K(const std::string&, const ParameterT&, const rcl_interfaces::msg::ParameterDescriptor&, bool)[m[Kâ€™
[2.571s]   500 |   [01;36m[Kdeclare_parameter[m[K(
[2.571s]       |   [01;36m[K^~~~~~~~~~~~~~~~~[m[K
[2.571s] [01m[K/opt/ros/jazzy/include/rclcpp/rclcpp/node.hpp:500:3:[m[K [01;36m[Knote: [m[K  template argument deduction/substitution failed:
[2.571s] [01m[K/home/vusolee806/ydlidar_ros2_ws/src/slam_gmapping/src/transform.cpp:15:28:[m[K [01;36m[Knote: [m[K  candidate expects 4 arguments, 1 provided
[2.571s]    15 |     [01;36m[Kthis->declare_parameter("z")[m[K;
[2.571s]       |     [01;36m[K~~~~~~~~~~~~~~~~~~~~~~~^~~~~[m[K
[2.571s] [01m[K/opt/ros/jazzy/include/rclcpp/rclcpp/node.hpp:513:3:[m[K [01;36m[Knote: [m[Kcandidate: â€˜[01m[Ktemplate<class ParameterT> auto rclcpp::Node::[01;32m[Kdeclare_parameter[m[K(const std::string&, const rcl_interfaces::msg::ParameterDescriptor&, bool)[m[Kâ€™
[2.571s]   513 |   [01;36m[Kdeclare_parameter[m[K(
[2.571s]       |   [01;36m[K^~~~~~~~~~~~~~~~~[m[K
[2.571s] [01m[K/opt/ros/jazzy/include/rclcpp/rclcpp/node.hpp:513:3:[m[K [01;36m[Knote: [m[K  template argument deduction/substitution failed:
[2.571s] [01m[K/home/vusolee806/ydlidar_ros2_ws/src/slam_gmapping/src/transform.cpp:15:28:[m[K [01;36m[Knote: [m[K  couldnâ€™t deduce template parameter â€˜[01m[KParameterT[m[Kâ€™
[2.571s]    15 |     [01;36m[Kthis->declare_parameter("z")[m[K;
[2.571s]       |     [01;36m[K~~~~~~~~~~~~~~~~~~~~~~~^~~~~[m[K
[2.571s] [01m[K/opt/ros/jazzy/include/rclcpp/rclcpp/node.hpp:445:3:[m[K [01;36m[Knote: [m[Kcandidate: â€˜[01m[Kconst rclcpp::ParameterValue& rclcpp::Node::[01;32m[Kdeclare_parameter[m[K(const std::string&, const rclcpp::ParameterValue&, const rcl_interfaces::msg::ParameterDescriptor&, bool)[m[Kâ€™
[2.571s]   445 |   [01;36m[Kdeclare_parameter[m[K(
[2.572s]       |   [01;36m[K^~~~~~~~~~~~~~~~~[m[K
[2.572s] [01m[K/opt/ros/jazzy/include/rclcpp/rclcpp/node.hpp:445:3:[m[K [01;36m[Knote: [m[K  candidate expects 4 arguments, 1 provided
[2.572s] [01m[K/opt/ros/jazzy/include/rclcpp/rclcpp/node.hpp:470:3:[m[K [01;36m[Knote: [m[Kcandidate: â€˜[01m[Kconst rclcpp::ParameterValue& rclcpp::Node::[01;32m[Kdeclare_parameter[m[K(const std::string&, rclcpp::ParameterType, const rcl_interfaces::msg::ParameterDescriptor&, bool)[m[Kâ€™
[2.572s]   470 |   [01;36m[Kdeclare_parameter[m[K(
[2.572s]       |   [01;36m[K^~~~~~~~~~~~~~~~~[m[K
[2.572s] [01m[K/opt/ros/jazzy/include/rclcpp/rclcpp/node.hpp:470:3:[m[K [01;36m[Knote: [m[K  candidate expects 4 arguments, 1 provided
[2.572s] [01m[K/home/vusolee806/ydlidar_ros2_ws/src/slam_gmapping/src/transform.cpp:16:28:[m[K [01;31m[Kerror: [m[Kno matching function for call to â€˜[01m[KTransform::declare_parameter(const char [5])[m[Kâ€™
[2.572s]    16 |     [01;31m[Kthis->declare_parameter("roll")[m[K;
[2.572s]       |     [01;31m[K~~~~~~~~~~~~~~~~~~~~~~~^~~~~~~~[m[K
[2.572s] [01m[K/opt/ros/jazzy/include/rclcpp/rclcpp/node.hpp:500:3:[m[K [01;36m[Knote: [m[Kcandidate: â€˜[01m[Ktemplate<class ParameterT> auto rclcpp::Node::[01;32m[Kdeclare_parameter[m[K(const std::string&, const ParameterT&, const rcl_interfaces::msg::ParameterDescriptor&, bool)[m[Kâ€™
[2.572s]   500 |   [01;36m[Kdeclare_parameter[m[K(
[2.572s]       |   [01;36m[K^~~~~~~~~~~~~~~~~[m[K
[2.572s] [01m[K/opt/ros/jazzy/include/rclcpp/rclcpp/node.hpp:500:3:[m[K [01;36m[Knote: [m[K  template argument deduction/substitution failed:
[2.572s] [01m[K/home/vusolee806/ydlidar_ros2_ws/src/slam_gmapping/src/transform.cpp:16:28:[m[K [01;36m[Knote: [m[K  candidate expects 4 arguments, 1 provided
[2.572s]    16 |     [01;36m[Kthis->declare_parameter("roll")[m[K;
[2.572s]       |     [01;36m[K~~~~~~~~~~~~~~~~~~~~~~~^~~~~~~~[m[K
[2.572s] [01m[K/opt/ros/jazzy/include/rclcpp/rclcpp/node.hpp:513:3:[m[K [01;36m[Knote: [m[Kcandidate: â€˜[01m[Ktemplate<class ParameterT> auto rclcpp::Node::[01;32m[Kdeclare_parameter[m[K(const std::string&, const rcl_interfaces::msg::ParameterDescriptor&, bool)[m[Kâ€™
[2.572s]   513 |   [01;36m[Kdeclare_parameter[m[K(
[2.572s]       |   [01;36m[K^~~~~~~~~~~~~~~~~[m[K
[2.573s] [01m[K/opt/ros/jazzy/include/rclcpp/rclcpp/node.hpp:513:3:[m[K [01;36m[Knote: [m[K  template argument deduction/substitution failed:
[2.573s] [01m[K/home/vusolee806/ydlidar_ros2_ws/src/slam_gmapping/src/transform.cpp:16:28:[m[K [01;36m[Knote: [m[K  couldnâ€™t deduce template parameter â€˜[01m[KParameterT[m[Kâ€™
[2.573s]    16 |     [01;36m[Kthis->declare_parameter("roll")[m[K;
[2.573s]       |     [01;36m[K~~~~~~~~~~~~~~~~~~~~~~~^~~~~~~~[m[K
[2.573s] [01m[K/opt/ros/jazzy/include/rclcpp/rclcpp/node.hpp:445:3:[m[K [01;36m[Knote: [m[Kcandidate: â€˜[01m[Kconst rclcpp::ParameterValue& rclcpp::Node::[01;32m[Kdeclare_parameter[m[K(const std::string&, const rclcpp::ParameterValue&, const rcl_interfaces::msg::ParameterDescriptor&, bool)[m[Kâ€™
[2.573s]   445 |   [01;36m[Kdeclare_parameter[m[K(
[2.573s]       |   [01;36m[K^~~~~~~~~~~~~~~~~[m[K
[2.573s] [01m[K/opt/ros/jazzy/include/rclcpp/rclcpp/node.hpp:445:3:[m[K [01;36m[Knote: [m[K  candidate expects 4 arguments, 1 provided
[2.573s] [01m[K/opt/ros/jazzy/include/rclcpp/rclcpp/node.hpp:470:3:[m[K [01;36m[Knote: [m[Kcandidate: â€˜[01m[Kconst rclcpp::ParameterValue& rclcpp::Node::[01;32m[Kdeclare_parameter[m[K(const std::string&, rclcpp::ParameterType, const rcl_interfaces::msg::ParameterDescriptor&, bool)[m[Kâ€™
[2.573s]   470 |   [01;36m[Kdeclare_parameter[m[K(
[2.573s]       |   [01;36m[K^~~~~~~~~~~~~~~~~[m[K
[2.573s] [01m[K/opt/ros/jazzy/include/rclcpp/rclcpp/node.hpp:470:3:[m[K [01;36m[Knote: [m[K  candidate expects 4 arguments, 1 provided
[2.573s] [01m[K/home/vusolee806/ydlidar_ros2_ws/src/slam_gmapping/src/transform.cpp:17:28:[m[K [01;31m[Kerror: [m[Kno matching function for call to â€˜[01m[KTransform::declare_parameter(const char [6])[m[Kâ€™
[2.573s]    17 |     [01;31m[Kthis->declare_parameter("pitch")[m[K;
[2.573s]       |     [01;31m[K~~~~~~~~~~~~~~~~~~~~~~~^~~~~~~~~[m[K
[2.574s] [01m[K/opt/ros/jazzy/include/rclcpp/rclcpp/node.hpp:500:3:[m[K [01;36m[Knote: [m[Kcandidate: â€˜[01m[Ktemplate<class ParameterT> auto rclcpp::Node::[01;32m[Kdeclare_parameter[m[K(const std::string&, const ParameterT&, const rcl_interfaces::msg::ParameterDescriptor&, bool)[m[Kâ€™
[2.574s]   500 |   [01;36m[Kdeclare_parameter[m[K(
[2.574s]       |   [01;36m[K^~~~~~~~~~~~~~~~~[m[K
[2.574s] [01m[K/opt/ros/jazzy/include/rclcpp/rclcpp/node.hpp:500:3:[m[K [01;36m[Knote: [m[K  template argument deduction/substitution failed:
[2.574s] [01m[K/home/vusolee806/ydlidar_ros2_ws/src/slam_gmapping/src/transform.cpp:17:28:[m[K [01;36m[Knote: [m[K  candidate expects 4 arguments, 1 provided
[2.575s]    17 |     [01;36m[Kthis->declare_parameter("pitch")[m[K;
[2.575s]       |     [01;36m[K~~~~~~~~~~~~~~~~~~~~~~~^~~~~~~~~[m[K
[2.575s] [01m[K/opt/ros/jazzy/include/rclcpp/rclcpp/node.hpp:513:3:[m[K [01;36m[Knote: [m[Kcandidate: â€˜[01m[Ktemplate<class ParameterT> auto rclcpp::Node::[01;32m[Kdeclare_parameter[m[K(const std::string&, const rcl_interfaces::msg::ParameterDescriptor&, bool)[m[Kâ€™
[2.575s]   513 |   [01;36m[Kdeclare_parameter[m[K(
[2.575s]       |   [01;36m[K^~~~~~~~~~~~~~~~~[m[K
[2.576s] [01m[K/opt/ros/jazzy/include/rclcpp/rclcpp/node.hpp:513:3:[m[K [01;36m[Knote: [m[K  template argument deduction/substitution failed:
[2.576s] [01m[K/home/vusolee806/ydlidar_ros2_ws/src/slam_gmapping/src/transform.cpp:17:28:[m[K [01;36m[Knote: [m[K  couldnâ€™t deduce template parameter â€˜[01m[KParameterT[m[Kâ€™
[2.576s]    17 |     [01;36m[Kthis->declare_parameter("pitch")[m[K;
[2.576s]       |     [01;36m[K~~~~~~~~~~~~~~~~~~~~~~~^~~~~~~~~[m[K
[2.576s] [01m[K/opt/ros/jazzy/include/rclcpp/rclcpp/node.hpp:445:3:[m[K [01;36m[Knote: [m[Kcandidate: â€˜[01m[Kconst rclcpp::ParameterValue& rclcpp::Node::[01;32m[Kdeclare_parameter[m[K(const std::string&, const rclcpp::ParameterValue&, const rcl_interfaces::msg::ParameterDescriptor&, bool)[m[Kâ€™
[2.576s]   445 |   [01;36m[Kdeclare_parameter[m[K(
[2.576s]       |   [01;36m[K^~~~~~~~~~~~~~~~~[m[K
[2.576s] [01m[K/opt/ros/jazzy/include/rclcpp/rclcpp/node.hpp:445:3:[m[K [01;36m[Knote: [m[K  candidate expects 4 arguments, 1 provided
[2.576s] [01m[K/opt/ros/jazzy/include/rclcpp/rclcpp/node.hpp:470:3:[m[K [01;36m[Knote: [m[Kcandidate: â€˜[01m[Kconst rclcpp::ParameterValue& rclcpp::Node::[01;32m[Kdeclare_parameter[m[K(const std::string&, rclcpp::ParameterType, const rcl_interfaces::msg::ParameterDescriptor&, bool)[m[Kâ€™
[2.576s]   470 |   [01;36m[Kdeclare_parameter[m[K(
[2.576s]       |   [01;36m[K^~~~~~~~~~~~~~~~~[m[K
[2.577s] [01m[K/opt/ros/jazzy/include/rclcpp/rclcpp/node.hpp:470:3:[m[K [01;36m[Knote: [m[K  candidate expects 4 arguments, 1 provided
[2.577s] [01m[K/home/vusolee806/ydlidar_ros2_ws/src/slam_gmapping/src/transform.cpp:18:28:[m[K [01;31m[Kerror: [m[Kno matching function for call to â€˜[01m[KTransform::declare_parameter(const char [4])[m[Kâ€™
[2.577s]    18 |     [01;31m[Kthis->declare_parameter("yaw")[m[K;
[2.577s]       |     [01;31m[K~~~~~~~~~~~~~~~~~~~~~~~^~~~~~~[m[K
[2.577s] [01m[K/opt/ros/jazzy/include/rclcpp/rclcpp/node.hpp:500:3:[m[K [01;36m[Knote: [m[Kcandidate: â€˜[01m[Ktemplate<class ParameterT> auto rclcpp::Node::[01;32m[Kdeclare_parameter[m[K(const std::string&, const ParameterT&, const rcl_interfaces::msg::ParameterDescriptor&, bool)[m[Kâ€™
[2.577s]   500 |   [01;36m[Kdeclare_parameter[m[K(
[2.577s]       |   [01;36m[K^~~~~~~~~~~~~~~~~[m[K
[2.577s] [01m[K/opt/ros/jazzy/include/rclcpp/rclcpp/node.hpp:500:3:[m[K [01;36m[Knote: [m[K  template argument deduction/substitution failed:
[2.577s] [01m[K/home/vusolee806/ydlidar_ros2_ws/src/slam_gmapping/src/transform.cpp:18:28:[m[K [01;36m[Knote: [m[K  candidate expects 4 arguments, 1 provided
[2.577s]    18 |     [01;36m[Kthis->declare_parameter("yaw")[m[K;
[2.577s]       |     [01;36m[K~~~~~~~~~~~~~~~~~~~~~~~^~~~~~~[m[K
[2.578s] [01m[K/opt/ros/jazzy/include/rclcpp/rclcpp/node.hpp:513:3:[m[K [01;36m[Knote: [m[Kcandidate: â€˜[01m[Ktemplate<class ParameterT> auto rclcpp::Node::[01;32m[Kdeclare_parameter[m[K(const std::string&, const rcl_interfaces::msg::ParameterDescriptor&, bool)[m[Kâ€™
[2.578s]   513 |   [01;36m[Kdeclare_parameter[m[K(
[2.578s]       |   [01;36m[K^~~~~~~~~~~~~~~~~[m[K
[2.578s] [01m[K/opt/ros/jazzy/include/rclcpp/rclcpp/node.hpp:513:3:[m[K [01;36m[Knote: [m[K  template argument deduction/substitution failed:
[2.578s] [01m[K/home/vusolee806/ydlidar_ros2_ws/src/slam_gmapping/src/transform.cpp:18:28:[m[K [01;36m[Knote: [m[K  couldnâ€™t deduce template parameter â€˜[01m[KParameterT[m[Kâ€™
[2.578s]    18 |     [01;36m[Kthis->declare_parameter("yaw")[m[K;
[2.578s]       |     [01;36m[K~~~~~~~~~~~~~~~~~~~~~~~^~~~~~~[m[K
[2.578s] [01m[K/opt/ros/jazzy/include/rclcpp/rclcpp/node.hpp:445:3:[m[K [01;36m[Knote: [m[Kcandidate: â€˜[01m[Kconst rclcpp::ParameterValue& rclcpp::Node::[01;32m[Kdeclare_parameter[m[K(const std::string&, const rclcpp::ParameterValue&, const rcl_interfaces::msg::ParameterDescriptor&, bool)[m[Kâ€™
[2.578s]   445 |   [01;36m[Kdeclare_parameter[m[K(
[2.578s]       |   [01;36m[K^~~~~~~~~~~~~~~~~[m[K
[2.578s] [01m[K/opt/ros/jazzy/include/rclcpp/rclcpp/node.hpp:445:3:[m[K [01;36m[Knote: [m[K  candidate expects 4 arguments, 1 provided
[2.579s] [01m[K/opt/ros/jazzy/include/rclcpp/rclcpp/node.hpp:470:3:[m[K [01;36m[Knote: [m[Kcandidate: â€˜[01m[Kconst rclcpp::ParameterValue& rclcpp::Node::[01;32m[Kdeclare_parameter[m[K(const std::string&, rclcpp::ParameterType, const rcl_interfaces::msg::ParameterDescriptor&, bool)[m[Kâ€™
[2.579s]   470 |   [01;36m[Kdeclare_parameter[m[K(
[2.579s]       |   [01;36m[K^~~~~~~~~~~~~~~~~[m[K
[2.579s] [01m[K/opt/ros/jazzy/include/rclcpp/rclcpp/node.hpp:470:3:[m[K [01;36m[Knote: [m[K  candidate expects 4 arguments, 1 provided
[4.115s] gmake[2]: *** [CMakeFiles/transform.dir/build.make:76: CMakeFiles/transform.dir/src/transform.cpp.o] Error 1
[4.115s] gmake[1]: *** [CMakeFiles/Makefile2:165: CMakeFiles/transform.dir/all] Error 2
[4.115s] gmake: *** [Makefile:146: all] Error 2
[4.118s] Invoked command in '/home/vusolee806/ydlidar_ros2_ws/build/slam_gmapping' returned '2': CMAKE_PREFIX_PATH=/home/vusolee806/ydlidar_ros2_ws/install/openslam_gmapping:/home/vusolee806/ydlidar_ros2_ws/install/ydlidar_ros2_driver:/opt/ros/jazzy/opt/gz_sim_vendor:/opt/ros/jazzy/opt/gz_sensors_vendor:/opt/ros/jazzy/opt/gz_physics_vendor:/opt/ros/jazzy/opt/sdformat_vendor:/opt/ros/jazzy/opt/gz_gui_vendor:/opt/ros/jazzy/opt/gz_transport_vendor:/opt/ros/jazzy/opt/gz_rendering_vendor:/opt/ros/jazzy/opt/gz_plugin_vendor:/opt/ros/jazzy/opt/gz_fuel_tools_vendor:/opt/ros/jazzy/opt/gz_msgs_vendor:/opt/ros/jazzy/opt/gz_common_vendor:/opt/ros/jazzy/opt/gz_math_vendor:/opt/ros/jazzy/opt/gz_utils_vendor:/opt/ros/jazzy/opt/gz_tools_vendor:/opt/ros/jazzy/opt/gz_ogre_next_vendor:/opt/ros/jazzy/opt/gz_dartsim_vendor:/opt/ros/jazzy/opt/gz_cmake_vendor:/opt/ros/jazzy DEBUGINFOD_URLS=https://debuginfod.ubuntu.com /usr/bin/cmake --build /home/vusolee806/ydlidar_ros2_ws/build/slam_gmapping -- -j16 -l16
