[0.016s] Invoking command in '/home/vusolee806/ydlidar_ros2_ws/build/slam_gmapping': CMAKE_PREFIX_PATH=/home/vusolee806/ydlidar_ros2_ws/install/openslam_gmapping:/home/vusolee806/ydlidar_ros2_ws/install/ydlidar_ros2_driver:/opt/ros/jazzy/opt/gz_sim_vendor:/opt/ros/jazzy/opt/gz_sensors_vendor:/opt/ros/jazzy/opt/gz_physics_vendor:/opt/ros/jazzy/opt/sdformat_vendor:/opt/ros/jazzy/opt/gz_gui_vendor:/opt/ros/jazzy/opt/gz_transport_vendor:/opt/ros/jazzy/opt/gz_rendering_vendor:/opt/ros/jazzy/opt/gz_plugin_vendor:/opt/ros/jazzy/opt/gz_fuel_tools_vendor:/opt/ros/jazzy/opt/gz_msgs_vendor:/opt/ros/jazzy/opt/gz_common_vendor:/opt/ros/jazzy/opt/gz_math_vendor:/opt/ros/jazzy/opt/gz_utils_vendor:/opt/ros/jazzy/opt/gz_tools_vendor:/opt/ros/jazzy/opt/gz_ogre_next_vendor:/opt/ros/jazzy/opt/gz_dartsim_vendor:/opt/ros/jazzy/opt/gz_cmake_vendor:/opt/ros/jazzy DEBUGINFOD_URLS=https://debuginfod.ubuntu.com /usr/bin/cmake /home/vusolee806/ydlidar_ros2_ws/src/slam_gmapping -DCMAKE_INSTALL_PREFIX=/home/vusolee806/ydlidar_ros2_ws/install/slam_gmapping
[0.037s] [0m -fuse-ld=lld -Wl,--disable-new-dtags[0m
[0.037s] -- Found ament_cmake: 2.5.4 (/opt/ros/jazzy/share/ament_cmake/cmake)
[0.276s] -- Override CMake install command with custom implementation using symlinks instead of copying resources
[0.282s] -- Found std_msgs: 5.3.6 (/opt/ros/jazzy/share/std_msgs/cmake)
[0.310s] -- Found rosidl_generator_c: 4.6.6 (/opt/ros/jazzy/share/rosidl_generator_c/cmake)
[0.317s] -- Found rosidl_generator_cpp: 4.6.6 (/opt/ros/jazzy/share/rosidl_generator_cpp/cmake)
[0.329s] -- Using all available rosidl_typesupport_c: rosidl_typesupport_fastrtps_c;rosidl_typesupport_introspection_c
[0.342s] -- Using all available rosidl_typesupport_cpp: rosidl_typesupport_fastrtps_cpp;rosidl_typesupport_introspection_cpp
[0.366s] -- Found nav_msgs: 5.3.6 (/opt/ros/jazzy/share/nav_msgs/cmake)
[0.414s] -- Found tf2: 0.36.14 (/opt/ros/jazzy/share/tf2/cmake)
[0.417s] -- Found tf2_ros: 0.36.14 (/opt/ros/jazzy/share/tf2_ros/cmake)
[0.479s] -- Found rmw_implementation_cmake: 7.3.2 (/opt/ros/jazzy/share/rmw_implementation_cmake/cmake)
[0.480s] -- Found rmw_fastrtps_cpp: 8.4.3 (/opt/ros/jazzy/share/rmw_fastrtps_cpp/cmake)
[0.547s] -- Using RMW implementation 'rmw_fastrtps_cpp' as default
[0.658s] -- Found tf2_geometry_msgs: 0.36.14 (/opt/ros/jazzy/share/tf2_geometry_msgs/cmake)
[0.660s] -- Found eigen3_cmake_module: 0.3.0 (/opt/ros/jazzy/share/eigen3_cmake_module/cmake)
[0.661s] -- Ensuring Eigen3 include directory is part of orocos-kdl CMake target
[0.663s] -- Found sensor_msgs: 5.3.6 (/opt/ros/jazzy/share/sensor_msgs/cmake)
[0.680s] -- Found visualization_msgs: 5.3.6 (/opt/ros/jazzy/share/visualization_msgs/cmake)
[0.701s] -- Found openslam_gmapping: 0.1.2 (/home/vusolee806/ydlidar_ros2_ws/install/openslam_gmapping/share/openslam_gmapping/cmake)
[0.702s] -- Found ament_lint_auto: 0.17.3 (/opt/ros/jazzy/share/ament_lint_auto/cmake)
[0.778s] -- Added test 'cppcheck' to perform static code analysis on C / C++ code
[0.778s] -- Configured cppcheck include dirs: /home/vusolee806/ydlidar_ros2_ws/src/slam_gmapping/include
[0.778s] -- Configured cppcheck exclude dirs and/or files: 
[0.778s] -- Added test 'flake8' to check Python code syntax and style conventions
[0.778s] -- Configured 'flake8' exclude dirs and/or files: 
[0.779s] -- Added test 'lint_cmake' to check CMake code style
[0.779s] -- Added test 'pep257' to check Python code against some of the docstring style conventions in PEP 257
[0.780s] -- Added test 'uncrustify' to check C / C++ code style
[0.780s] -- Configured uncrustify additional arguments: 
[0.780s] -- Added test 'xmllint' to check XML markup files
[0.781s] -- Configuring done (0.8s)
[0.785s] [33mCMake Warning (dev) at CMakeLists.txt:46 (add_executable):
[0.785s]   Policy CMP0115 is not set: Source file extensions must be explicit.  Run
[0.785s]   "cmake --help-policy CMP0115" for policy details.  Use the cmake_policy
[0.785s]   command to set the policy and suppress this warning.
[0.786s] 
[0.786s]   File:
[0.786s] 
[0.786s]     /home/vusolee806/ydlidar_ros2_ws/src/slam_gmapping/src/transform.cpp
[0.786s] This warning is for project developers.  Use -Wno-dev to suppress it.
[0.786s] [0m
[0.795s] -- Generating done (0.0s)
[0.799s] -- Build files have been written to: /home/vusolee806/ydlidar_ros2_ws/build/slam_gmapping
[0.810s] Invoked command in '/home/vusolee806/ydlidar_ros2_ws/build/slam_gmapping' returned '0': CMAKE_PREFIX_PATH=/home/vusolee806/ydlidar_ros2_ws/install/openslam_gmapping:/home/vusolee806/ydlidar_ros2_ws/install/ydlidar_ros2_driver:/opt/ros/jazzy/opt/gz_sim_vendor:/opt/ros/jazzy/opt/gz_sensors_vendor:/opt/ros/jazzy/opt/gz_physics_vendor:/opt/ros/jazzy/opt/sdformat_vendor:/opt/ros/jazzy/opt/gz_gui_vendor:/opt/ros/jazzy/opt/gz_transport_vendor:/opt/ros/jazzy/opt/gz_rendering_vendor:/opt/ros/jazzy/opt/gz_plugin_vendor:/opt/ros/jazzy/opt/gz_fuel_tools_vendor:/opt/ros/jazzy/opt/gz_msgs_vendor:/opt/ros/jazzy/opt/gz_common_vendor:/opt/ros/jazzy/opt/gz_math_vendor:/opt/ros/jazzy/opt/gz_utils_vendor:/opt/ros/jazzy/opt/gz_tools_vendor:/opt/ros/jazzy/opt/gz_ogre_next_vendor:/opt/ros/jazzy/opt/gz_dartsim_vendor:/opt/ros/jazzy/opt/gz_cmake_vendor:/opt/ros/jazzy DEBUGINFOD_URLS=https://debuginfod.ubuntu.com /usr/bin/cmake /home/vusolee806/ydlidar_ros2_ws/src/slam_gmapping -DCMAKE_INSTALL_PREFIX=/home/vusolee806/ydlidar_ros2_ws/install/slam_gmapping
[0.811s] Invoking command in '/home/vusolee806/ydlidar_ros2_ws/build/slam_gmapping': CMAKE_PREFIX_PATH=/home/vusolee806/ydlidar_ros2_ws/install/openslam_gmapping:/home/vusolee806/ydlidar_ros2_ws/install/ydlidar_ros2_driver:/opt/ros/jazzy/opt/gz_sim_vendor:/opt/ros/jazzy/opt/gz_sensors_vendor:/opt/ros/jazzy/opt/gz_physics_vendor:/opt/ros/jazzy/opt/sdformat_vendor:/opt/ros/jazzy/opt/gz_gui_vendor:/opt/ros/jazzy/opt/gz_transport_vendor:/opt/ros/jazzy/opt/gz_rendering_vendor:/opt/ros/jazzy/opt/gz_plugin_vendor:/opt/ros/jazzy/opt/gz_fuel_tools_vendor:/opt/ros/jazzy/opt/gz_msgs_vendor:/opt/ros/jazzy/opt/gz_common_vendor:/opt/ros/jazzy/opt/gz_math_vendor:/opt/ros/jazzy/opt/gz_utils_vendor:/opt/ros/jazzy/opt/gz_tools_vendor:/opt/ros/jazzy/opt/gz_ogre_next_vendor:/opt/ros/jazzy/opt/gz_dartsim_vendor:/opt/ros/jazzy/opt/gz_cmake_vendor:/opt/ros/jazzy DEBUGINFOD_URLS=https://debuginfod.ubuntu.com /usr/bin/cmake --build /home/vusolee806/ydlidar_ros2_ws/build/slam_gmapping -- -j16 -l16
[0.882s] [ 25%] [32mBuilding CXX object CMakeFiles/slam_gmapping.dir/src/slam_gmapping.cpp.o[0m
[0.882s] [ 50%] [32mBuilding CXX object CMakeFiles/transform.dir/src/transform.cpp.o[0m
[1.097s] In file included from [01m[K/home/vusolee806/ydlidar_ros2_ws/src/slam_gmapping/src/slam_gmapping.cpp:24[m[K:
[1.097s] [01m[K/home/vusolee806/ydlidar_ros2_ws/src/slam_gmapping/include/slam_gmapping/slam_gmapping.h:38:10:[m[K [01;31m[Kfatal error: [m[Ktf2_geometry_msgs/tf2_geometry_msgs.h: No such file or directory
[1.097s]    38 | #include [01;31m[K"tf2_geometry_msgs/tf2_geometry_msgs.h"[m[K
[1.097s]       |          [01;31m[K^~~~~~~~~~~~~~~~~~~~~~~~~~~~~~~~~~~~~~~[m[K
[1.097s] compilation terminated.
[1.100s] gmake[2]: *** [CMakeFiles/slam_gmapping.dir/build.make:76: CMakeFiles/slam_gmapping.dir/src/slam_gmapping.cpp.o] Error 1
[1.101s] gmake[1]: *** [CMakeFiles/Makefile2:139: CMakeFiles/slam_gmapping.dir/all] Error 2
[1.101s] gmake[1]: *** Waiting for unfinished jobs....
[2.858s] In file included from [01m[K/home/vusolee806/ydlidar_ros2_ws/install/openslam_gmapping/include/gmapping/gridfastslam/gridslamprocessor.h:9[m[K,
[2.858s]                  from [01m[K/home/vusolee806/ydlidar_ros2_ws/src/slam_gmapping/include/slam_gmapping/transform.h:25[m[K,
[2.858s]                  from [01m[K/home/vusolee806/ydlidar_ros2_ws/src/slam_gmapping/src/transform.cpp:3[m[K:
[2.858s] [01m[K/home/vusolee806/ydlidar_ros2_ws/install/openslam_gmapping/include/gmapping/particlefilter/particlefilter.h:[m[K In function â€˜[01m[Kvoid[01;32m[K rle[m[K(OutputIterator&, const Iterator&, const Iterator&)[m[Kâ€™:
[2.858s] [01m[K/home/vusolee806/ydlidar_ros2_ws/install/openslam_gmapping/include/gmapping/particlefilter/particlefilter.h:140:9:[m[K [01;35m[Kwarning: [m[Kthis â€˜[01m[Kif[m[Kâ€™ clause does not guard... [[01;35m[K]8;;https://gcc.gnu.org/onlinedocs/gcc/Warning-Options.html#index-Wmisleading-indentation-Wmisleading-indentation]8;;[m[K]
[2.859s]   140 |         [01;35m[Kif[m[K (count>0)
[2.859s]       |         [01;35m[K^~[m[K
[2.859s] [01m[K/home/vusolee806/ydlidar_ros2_ws/install/openslam_gmapping/include/gmapping/particlefilter/particlefilter.h:142:17:[m[K [01;36m[Knote: [m[K...this statement, but the latter is misleadingly indented as if it were guarded by the â€˜[01m[Kif[m[Kâ€™
[2.859s]   142 |                 [01;36m[Kout[m[K++;
[2.859s]       |                 [01;36m[K^~~[m[K
[2.910s] [01m[K/home/vusolee806/ydlidar_ros2_ws/src/slam_gmapping/src/transform.cpp:[m[K In constructor â€˜[01m[KTransform::[01;32m[KTransform[m[K()[m[Kâ€™:
[2.910s] [01m[K/home/vusolee806/ydlidar_ros2_ws/src/slam_gmapping/src/transform.cpp:11:28:[m[K [01;31m[Kerror: [m[Kno matching function for call to â€˜[01m[KTransform::declare_parameter(const char [14])[m[Kâ€™
[2.910s]    11 |     [01;31m[Kthis->declare_parameter("parents_frame")[m[K;
[2.911s]       |     [01;31m[K~~~~~~~~~~~~~~~~~~~~~~~^~~~~~~~~~~~~~~~~[m[K
[2.911s] In file included from [01m[K/opt/ros/jazzy/include/rclcpp/rclcpp/executors/single_threaded_executor.hpp:28[m[K,
[2.911s]                  from [01m[K/opt/ros/jazzy/include/rclcpp/rclcpp/executors.hpp:22[m[K,
[2.911s]                  from [01m[K/opt/ros/jazzy/include/rclcpp/rclcpp/rclcpp.hpp:172[m[K,
[2.911s]                  from [01m[K/home/vusolee806/ydlidar_ros2_ws/src/slam_gmapping/include/slam_gmapping/transform.h:10[m[K:
[2.911s] [01m[K/opt/ros/jazzy/include/rclcpp/rclcpp/node.hpp:500:3:[m[K [01;36m[Knote: [m[Kcandidate: â€˜[01m[Ktemplate<class ParameterT> auto rclcpp::Node::[01;32m[Kdeclare_parameter[m[K(const std::string&, const ParameterT&, const rcl_interfaces::msg::ParameterDescriptor&, bool)[m[Kâ€™
[2.911s]   500 |   [01;36m[Kdeclare_parameter[m[K(
[2.911s]       |   [01;36m[K^~~~~~~~~~~~~~~~~[m[K
[2.911s] [01m[K/opt/ros/jazzy/include/rclcpp/rclcpp/node.hpp:500:3:[m[K [01;36m[Knote: [m[K  template argument deduction/substitution failed:
[2.911s] [01m[K/home/vusolee806/ydlidar_ros2_ws/src/slam_gmapping/src/transform.cpp:11:28:[m[K [01;36m[Knote: [m[K  candidate expects 4 arguments, 1 provided
[2.911s]    11 |     [01;36m[Kthis->declare_parameter("parents_frame")[m[K;
[2.911s]       |     [01;36m[K~~~~~~~~~~~~~~~~~~~~~~~^~~~~~~~~~~~~~~~~[m[K
[2.911s] [01m[K/opt/ros/jazzy/include/rclcpp/rclcpp/node.hpp:513:3:[m[K [01;36m[Knote: [m[Kcandidate: â€˜[01m[Ktemplate<class ParameterT> auto rclcpp::Node::[01;32m[Kdeclare_parameter[m[K(const std::string&, const rcl_interfaces::msg::ParameterDescriptor&, bool)[m[Kâ€™
[2.912s]   513 |   [01;36m[Kdeclare_parameter[m[K(
[2.912s]       |   [01;36m[K^~~~~~~~~~~~~~~~~[m[K
[2.912s] [01m[K/opt/ros/jazzy/include/rclcpp/rclcpp/node.hpp:513:3:[m[K [01;36m[Knote: [m[K  template argument deduction/substitution failed:
[2.912s] [01m[K/home/vusolee806/ydlidar_ros2_ws/src/slam_gmapping/src/transform.cpp:11:28:[m[K [01;36m[Knote: [m[K  couldnâ€™t deduce template parameter â€˜[01m[KParameterT[m[Kâ€™
[2.912s]    11 |     [01;36m[Kthis->declare_parameter("parents_frame")[m[K;
[2.912s]       |     [01;36m[K~~~~~~~~~~~~~~~~~~~~~~~^~~~~~~~~~~~~~~~~[m[K
[2.912s] [01m[K/opt/ros/jazzy/include/rclcpp/rclcpp/node.hpp:445:3:[m[K [01;36m[Knote: [m[Kcandidate: â€˜[01m[Kconst rclcpp::ParameterValue& rclcpp::Node::[01;32m[Kdeclare_parameter[m[K(const std::string&, const rclcpp::ParameterValue&, const rcl_interfaces::msg::ParameterDescriptor&, bool)[m[Kâ€™
[2.912s]   445 |   [01;36m[Kdeclare_parameter[m[K(
[2.912s]       |   [01;36m[K^~~~~~~~~~~~~~~~~[m[K
[2.912s] [01m[K/opt/ros/jazzy/include/rclcpp/rclcpp/node.hpp:445:3:[m[K [01;36m[Knote: [m[K  candidate expects 4 arguments, 1 provided
[2.912s] [01m[K/opt/ros/jazzy/include/rclcpp/rclcpp/node.hpp:470:3:[m[K [01;36m[Knote: [m[Kcandidate: â€˜[01m[Kconst rclcpp::ParameterValue& rclcpp::Node::[01;32m[Kdeclare_parameter[m[K(const std::string&, rclcpp::ParameterType, const rcl_interfaces::msg::ParameterDescriptor&, bool)[m[Kâ€™
[2.912s]   470 |   [01;36m[Kdeclare_parameter[m[K(
[2.912s]       |   [01;36m[K^~~~~~~~~~~~~~~~~[m[K
[2.912s] [01m[K/opt/ros/jazzy/include/rclcpp/rclcpp/node.hpp:470:3:[m[K [01;36m[Knote: [m[K  candidate expects 4 arguments, 1 provided
[2.912s] [01m[K/home/vusolee806/ydlidar_ros2_ws/src/slam_gmapping/src/transform.cpp:12:28:[m[K [01;31m[Kerror: [m[Kno matching function for call to â€˜[01m[KTransform::declare_parameter(const char [12])[m[Kâ€™
[2.912s]    12 |     [01;31m[Kthis->declare_parameter("child_frame")[m[K;
[2.912s]       |     [01;31m[K~~~~~~~~~~~~~~~~~~~~~~~^~~~~~~~~~~~~~~[m[K
[2.912s] [01m[K/opt/ros/jazzy/include/rclcpp/rclcpp/node.hpp:500:3:[m[K [01;36m[Knote: [m[Kcandidate: â€˜[01m[Ktemplate<class ParameterT> auto rclcpp::Node::[01;32m[Kdeclare_parameter[m[K(const std::string&, const ParameterT&, const rcl_interfaces::msg::ParameterDescriptor&, bool)[m[Kâ€™
[2.912s]   500 |   [01;36m[Kdeclare_parameter[m[K(
[2.912s]       |   [01;36m[K^~~~~~~~~~~~~~~~~[m[K
[2.913s] [01m[K/opt/ros/jazzy/include/rclcpp/rclcpp/node.hpp:500:3:[m[K [01;36m[Knote: [m[K  template argument deduction/substitution failed:
[2.913s] [01m[K/home/vusolee806/ydlidar_ros2_ws/src/slam_gmapping/src/transform.cpp:12:28:[m[K [01;36m[Knote: [m[K  candidate expects 4 arguments, 1 provided
[2.913s]    12 |     [01;36m[Kthis->declare_parameter("child_frame")[m[K;
[2.913s]       |     [01;36m[K~~~~~~~~~~~~~~~~~~~~~~~^~~~~~~~~~~~~~~[m[K
[2.913s] [01m[K/opt/ros/jazzy/include/rclcpp/rclcpp/node.hpp:513:3:[m[K [01;36m[Knote: [m[Kcandidate: â€˜[01m[Ktemplate<class ParameterT> auto rclcpp::Node::[01;32m[Kdeclare_parameter[m[K(const std::string&, const rcl_interfaces::msg::ParameterDescriptor&, bool)[m[Kâ€™
[2.913s]   513 |   [01;36m[Kdeclare_parameter[m[K(
[2.913s]       |   [01;36m[K^~~~~~~~~~~~~~~~~[m[K
[2.913s] [01m[K/opt/ros/jazzy/include/rclcpp/rclcpp/node.hpp:513:3:[m[K [01;36m[Knote: [m[K  template argument deduction/substitution failed:
[2.913s] [01m[K/home/vusolee806/ydlidar_ros2_ws/src/slam_gmapping/src/transform.cpp:12:28:[m[K [01;36m[Knote: [m[K  couldnâ€™t deduce template parameter â€˜[01m[KParameterT[m[Kâ€™
[2.913s]    12 |     [01;36m[Kthis->declare_parameter("child_frame")[m[K;
[2.913s]       |     [01;36m[K~~~~~~~~~~~~~~~~~~~~~~~^~~~~~~~~~~~~~~[m[K
[2.913s] [01m[K/opt/ros/jazzy/include/rclcpp/rclcpp/node.hpp:445:3:[m[K [01;36m[Knote: [m[Kcandidate: â€˜[01m[Kconst rclcpp::ParameterValue& rclcpp::Node::[01;32m[Kdeclare_parameter[m[K(const std::string&, const rclcpp::ParameterValue&, const rcl_interfaces::msg::ParameterDescriptor&, bool)[m[Kâ€™
[2.913s]   445 |   [01;36m[Kdeclare_parameter[m[K(
[2.913s]       |   [01;36m[K^~~~~~~~~~~~~~~~~[m[K
[2.913s] [01m[K/opt/ros/jazzy/include/rclcpp/rclcpp/node.hpp:445:3:[m[K [01;36m[Knote: [m[K  candidate expects 4 arguments, 1 provided
[2.913s] [01m[K/opt/ros/jazzy/include/rclcpp/rclcpp/node.hpp:470:3:[m[K [01;36m[Knote: [m[Kcandidate: â€˜[01m[Kconst rclcpp::ParameterValue& rclcpp::Node::[01;32m[Kdeclare_parameter[m[K(const std::string&, rclcpp::ParameterType, const rcl_interfaces::msg::ParameterDescriptor&, bool)[m[Kâ€™
[2.913s]   470 |   [01;36m[Kdeclare_parameter[m[K(
[2.913s]       |   [01;36m[K^~~~~~~~~~~~~~~~~[m[K
[2.913s] [01m[K/opt/ros/jazzy/include/rclcpp/rclcpp/node.hpp:470:3:[m[K [01;36m[Knote: [m[K  candidate expects 4 arguments, 1 provided
[2.913s] [01m[K/home/vusolee806/ydlidar_ros2_ws/src/slam_gmapping/src/transform.cpp:13:28:[m[K [01;31m[Kerror: [m[Kno matching function for call to â€˜[01m[KTransform::declare_parameter(const char [2])[m[Kâ€™
[2.914s]    13 |     [01;31m[Kthis->declare_parameter("x")[m[K;
[2.914s]       |     [01;31m[K~~~~~~~~~~~~~~~~~~~~~~~^~~~~[m[K
[2.914s] [01m[K/opt/ros/jazzy/include/rclcpp/rclcpp/node.hpp:500:3:[m[K [01;36m[Knote: [m[Kcandidate: â€˜[01m[Ktemplate<class ParameterT> auto rclcpp::Node::[01;32m[Kdeclare_parameter[m[K(const std::string&, const ParameterT&, const rcl_interfaces::msg::ParameterDescriptor&, bool)[m[Kâ€™
[2.914s]   500 |   [01;36m[Kdeclare_parameter[m[K(
[2.914s]       |   [01;36m[K^~~~~~~~~~~~~~~~~[m[K
[2.914s] [01m[K/opt/ros/jazzy/include/rclcpp/rclcpp/node.hpp:500:3:[m[K [01;36m[Knote: [m[K  template argument deduction/substitution failed:
[2.914s] [01m[K/home/vusolee806/ydlidar_ros2_ws/src/slam_gmapping/src/transform.cpp:13:28:[m[K [01;36m[Knote: [m[K  candidate expects 4 arguments, 1 provided
[2.914s]    13 |     [01;36m[Kthis->declare_parameter("x")[m[K;
[2.914s]       |     [01;36m[K~~~~~~~~~~~~~~~~~~~~~~~^~~~~[m[K
[2.914s] [01m[K/opt/ros/jazzy/include/rclcpp/rclcpp/node.hpp:513:3:[m[K [01;36m[Knote: [m[Kcandidate: â€˜[01m[Ktemplate<class ParameterT> auto rclcpp::Node::[01;32m[Kdeclare_parameter[m[K(const std::string&, const rcl_interfaces::msg::ParameterDescriptor&, bool)[m[Kâ€™
[2.914s]   513 |   [01;36m[Kdeclare_parameter[m[K(
[2.914s]       |   [01;36m[K^~~~~~~~~~~~~~~~~[m[K
[2.914s] [01m[K/opt/ros/jazzy/include/rclcpp/rclcpp/node.hpp:513:3:[m[K [01;36m[Knote: [m[K  template argument deduction/substitution failed:
[2.914s] [01m[K/home/vusolee806/ydlidar_ros2_ws/src/slam_gmapping/src/transform.cpp:13:28:[m[K [01;36m[Knote: [m[K  couldnâ€™t deduce template parameter â€˜[01m[KParameterT[m[Kâ€™
[2.914s]    13 |     [01;36m[Kthis->declare_parameter("x")[m[K;
[2.914s]       |     [01;36m[K~~~~~~~~~~~~~~~~~~~~~~~^~~~~[m[K
[2.914s] [01m[K/opt/ros/jazzy/include/rclcpp/rclcpp/node.hpp:445:3:[m[K [01;36m[Knote: [m[Kcandidate: â€˜[01m[Kconst rclcpp::ParameterValue& rclcpp::Node::[01;32m[Kdeclare_parameter[m[K(const std::string&, const rclcpp::ParameterValue&, const rcl_interfaces::msg::ParameterDescriptor&, bool)[m[Kâ€™
[2.914s]   445 |   [01;36m[Kdeclare_parameter[m[K(
[2.914s]       |   [01;36m[K^~~~~~~~~~~~~~~~~[m[K
[2.915s] [01m[K/opt/ros/jazzy/include/rclcpp/rclcpp/node.hpp:445:3:[m[K [01;36m[Knote: [m[K  candidate expects 4 arguments, 1 provided
[2.915s] [01m[K/opt/ros/jazzy/include/rclcpp/rclcpp/node.hpp:470:3:[m[K [01;36m[Knote: [m[Kcandidate: â€˜[01m[Kconst rclcpp::ParameterValue& rclcpp::Node::[01;32m[Kdeclare_parameter[m[K(const std::string&, rclcpp::ParameterType, const rcl_interfaces::msg::ParameterDescriptor&, bool)[m[Kâ€™
[2.915s]   470 |   [01;36m[Kdeclare_parameter[m[K(
[2.915s]       |   [01;36m[K^~~~~~~~~~~~~~~~~[m[K
[2.915s] [01m[K/opt/ros/jazzy/include/rclcpp/rclcpp/node.hpp:470:3:[m[K [01;36m[Knote: [m[K  candidate expects 4 arguments, 1 provided
[2.915s] [01m[K/home/vusolee806/ydlidar_ros2_ws/src/slam_gmapping/src/transform.cpp:14:28:[m[K [01;31m[Kerror: [m[Kno matching function for call to â€˜[01m[KTransform::declare_parameter(const char [2])[m[Kâ€™
[2.915s]    14 |     [01;31m[Kthis->declare_parameter("y")[m[K;
[2.915s]       |     [01;31m[K~~~~~~~~~~~~~~~~~~~~~~~^~~~~[m[K
[2.915s] [01m[K/opt/ros/jazzy/include/rclcpp/rclcpp/node.hpp:500:3:[m[K [01;36m[Knote: [m[Kcandidate: â€˜[01m[Ktemplate<class ParameterT> auto rclcpp::Node::[01;32m[Kdeclare_parameter[m[K(const std::string&, const ParameterT&, const rcl_interfaces::msg::ParameterDescriptor&, bool)[m[Kâ€™
[2.915s]   500 |   [01;36m[Kdeclare_parameter[m[K(
[2.915s]       |   [01;36m[K^~~~~~~~~~~~~~~~~[m[K
[2.915s] [01m[K/opt/ros/jazzy/include/rclcpp/rclcpp/node.hpp:500:3:[m[K [01;36m[Knote: [m[K  template argument deduction/substitution failed:
[2.915s] [01m[K/home/vusolee806/ydlidar_ros2_ws/src/slam_gmapping/src/transform.cpp:14:28:[m[K [01;36m[Knote: [m[K  candidate expects 4 arguments, 1 provided
[2.915s]    14 |     [01;36m[Kthis->declare_parameter("y")[m[K;
[2.915s]       |     [01;36m[K~~~~~~~~~~~~~~~~~~~~~~~^~~~~[m[K
[2.915s] [01m[K/opt/ros/jazzy/include/rclcpp/rclcpp/node.hpp:513:3:[m[K [01;36m[Knote: [m[Kcandidate: â€˜[01m[Ktemplate<class ParameterT> auto rclcpp::Node::[01;32m[Kdeclare_parameter[m[K(const std::string&, const rcl_interfaces::msg::ParameterDescriptor&, bool)[m[Kâ€™
[2.915s]   513 |   [01;36m[Kdeclare_parameter[m[K(
[2.915s]       |   [01;36m[K^~~~~~~~~~~~~~~~~[m[K
[2.915s] [01m[K/opt/ros/jazzy/include/rclcpp/rclcpp/node.hpp:513:3:[m[K [01;36m[Knote: [m[K  template argument deduction/substitution failed:
[2.916s] [01m[K/home/vusolee806/ydlidar_ros2_ws/src/slam_gmapping/src/transform.cpp:14:28:[m[K [01;36m[Knote: [m[K  couldnâ€™t deduce template parameter â€˜[01m[KParameterT[m[Kâ€™
[2.916s]    14 |     [01;36m[Kthis->declare_parameter("y")[m[K;
[2.916s]       |     [01;36m[K~~~~~~~~~~~~~~~~~~~~~~~^~~~~[m[K
[2.916s] [01m[K/opt/ros/jazzy/include/rclcpp/rclcpp/node.hpp:445:3:[m[K [01;36m[Knote: [m[Kcandidate: â€˜[01m[Kconst rclcpp::ParameterValue& rclcpp::Node::[01;32m[Kdeclare_parameter[m[K(const std::string&, const rclcpp::ParameterValue&, const rcl_interfaces::msg::ParameterDescriptor&, bool)[m[Kâ€™
[2.916s]   445 |   [01;36m[Kdeclare_parameter[m[K(
[2.916s]       |   [01;36m[K^~~~~~~~~~~~~~~~~[m[K
[2.916s] [01m[K/opt/ros/jazzy/include/rclcpp/rclcpp/node.hpp:445:3:[m[K [01;36m[Knote: [m[K  candidate expects 4 arguments, 1 provided
[2.916s] [01m[K/opt/ros/jazzy/include/rclcpp/rclcpp/node.hpp:470:3:[m[K [01;36m[Knote: [m[Kcandidate: â€˜[01m[Kconst rclcpp::ParameterValue& rclcpp::Node::[01;32m[Kdeclare_parameter[m[K(const std::string&, rclcpp::ParameterType, const rcl_interfaces::msg::ParameterDescriptor&, bool)[m[Kâ€™
[2.916s]   470 |   [01;36m[Kdeclare_parameter[m[K(
[2.916s]       |   [01;36m[K^~~~~~~~~~~~~~~~~[m[K
[2.916s] [01m[K/opt/ros/jazzy/include/rclcpp/rclcpp/node.hpp:470:3:[m[K [01;36m[Knote: [m[K  candidate expects 4 arguments, 1 provided
[2.916s] [01m[K/home/vusolee806/ydlidar_ros2_ws/src/slam_gmapping/src/transform.cpp:15:28:[m[K [01;31m[Kerror: [m[Kno matching function for call to â€˜[01m[KTransform::declare_parameter(const char [2])[m[Kâ€™
[2.916s]    15 |     [01;31m[Kthis->declare_parameter("z")[m[K;
[2.916s]       |     [01;31m[K~~~~~~~~~~~~~~~~~~~~~~~^~~~~[m[K
[2.916s] [01m[K/opt/ros/jazzy/include/rclcpp/rclcpp/node.hpp:500:3:[m[K [01;36m[Knote: [m[Kcandidate: â€˜[01m[Ktemplate<class ParameterT> auto rclcpp::Node::[01;32m[Kdeclare_parameter[m[K(const std::string&, const ParameterT&, const rcl_interfaces::msg::ParameterDescriptor&, bool)[m[Kâ€™
[2.916s]   500 |   [01;36m[Kdeclare_parameter[m[K(
[2.916s]       |   [01;36m[K^~~~~~~~~~~~~~~~~[m[K
[2.916s] [01m[K/opt/ros/jazzy/include/rclcpp/rclcpp/node.hpp:500:3:[m[K [01;36m[Knote: [m[K  template argument deduction/substitution failed:
[2.916s] [01m[K/home/vusolee806/ydlidar_ros2_ws/src/slam_gmapping/src/transform.cpp:15:28:[m[K [01;36m[Knote: [m[K  candidate expects 4 arguments, 1 provided
[2.917s]    15 |     [01;36m[Kthis->declare_parameter("z")[m[K;
[2.917s]       |     [01;36m[K~~~~~~~~~~~~~~~~~~~~~~~^~~~~[m[K
[2.917s] [01m[K/opt/ros/jazzy/include/rclcpp/rclcpp/node.hpp:513:3:[m[K [01;36m[Knote: [m[Kcandidate: â€˜[01m[Ktemplate<class ParameterT> auto rclcpp::Node::[01;32m[Kdeclare_parameter[m[K(const std::string&, const rcl_interfaces::msg::ParameterDescriptor&, bool)[m[Kâ€™
[2.917s]   513 |   [01;36m[Kdeclare_parameter[m[K(
[2.917s]       |   [01;36m[K^~~~~~~~~~~~~~~~~[m[K
[2.917s] [01m[K/opt/ros/jazzy/include/rclcpp/rclcpp/node.hpp:513:3:[m[K [01;36m[Knote: [m[K  template argument deduction/substitution failed:
[2.917s] [01m[K/home/vusolee806/ydlidar_ros2_ws/src/slam_gmapping/src/transform.cpp:15:28:[m[K [01;36m[Knote: [m[K  couldnâ€™t deduce template parameter â€˜[01m[KParameterT[m[Kâ€™
[2.917s]    15 |     [01;36m[Kthis->declare_parameter("z")[m[K;
[2.917s]       |     [01;36m[K~~~~~~~~~~~~~~~~~~~~~~~^~~~~[m[K
[2.917s] [01m[K/opt/ros/jazzy/include/rclcpp/rclcpp/node.hpp:445:3:[m[K [01;36m[Knote: [m[Kcandidate: â€˜[01m[Kconst rclcpp::ParameterValue& rclcpp::Node::[01;32m[Kdeclare_parameter[m[K(const std::string&, const rclcpp::ParameterValue&, const rcl_interfaces::msg::ParameterDescriptor&, bool)[m[Kâ€™
[2.917s]   445 |   [01;36m[Kdeclare_parameter[m[K(
[2.917s]       |   [01;36m[K^~~~~~~~~~~~~~~~~[m[K
[2.917s] [01m[K/opt/ros/jazzy/include/rclcpp/rclcpp/node.hpp:445:3:[m[K [01;36m[Knote: [m[K  candidate expects 4 arguments, 1 provided
[2.917s] [01m[K/opt/ros/jazzy/include/rclcpp/rclcpp/node.hpp:470:3:[m[K [01;36m[Knote: [m[Kcandidate: â€˜[01m[Kconst rclcpp::ParameterValue& rclcpp::Node::[01;32m[Kdeclare_parameter[m[K(const std::string&, rclcpp::ParameterType, const rcl_interfaces::msg::ParameterDescriptor&, bool)[m[Kâ€™
[2.917s]   470 |   [01;36m[Kdeclare_parameter[m[K(
[2.917s]       |   [01;36m[K^~~~~~~~~~~~~~~~~[m[K
[2.917s] [01m[K/opt/ros/jazzy/include/rclcpp/rclcpp/node.hpp:470:3:[m[K [01;36m[Knote: [m[K  candidate expects 4 arguments, 1 provided
[2.917s] [01m[K/home/vusolee806/ydlidar_ros2_ws/src/slam_gmapping/src/transform.cpp:16:28:[m[K [01;31m[Kerror: [m[Kno matching function for call to â€˜[01m[KTransform::declare_parameter(const char [5])[m[Kâ€™
[2.917s]    16 |     [01;31m[Kthis->declare_parameter("roll")[m[K;
[2.918s]       |     [01;31m[K~~~~~~~~~~~~~~~~~~~~~~~^~~~~~~~[m[K
[2.918s] [01m[K/opt/ros/jazzy/include/rclcpp/rclcpp/node.hpp:500:3:[m[K [01;36m[Knote: [m[Kcandidate: â€˜[01m[Ktemplate<class ParameterT> auto rclcpp::Node::[01;32m[Kdeclare_parameter[m[K(const std::string&, const ParameterT&, const rcl_interfaces::msg::ParameterDescriptor&, bool)[m[Kâ€™
[2.918s]   500 |   [01;36m[Kdeclare_parameter[m[K(
[2.918s]       |   [01;36m[K^~~~~~~~~~~~~~~~~[m[K
[2.918s] [01m[K/opt/ros/jazzy/include/rclcpp/rclcpp/node.hpp:500:3:[m[K [01;36m[Knote: [m[K  template argument deduction/substitution failed:
[2.918s] [01m[K/home/vusolee806/ydlidar_ros2_ws/src/slam_gmapping/src/transform.cpp:16:28:[m[K [01;36m[Knote: [m[K  candidate expects 4 arguments, 1 provided
[2.918s]    16 |     [01;36m[Kthis->declare_parameter("roll")[m[K;
[2.918s]       |     [01;36m[K~~~~~~~~~~~~~~~~~~~~~~~^~~~~~~~[m[K
[2.918s] [01m[K/opt/ros/jazzy/include/rclcpp/rclcpp/node.hpp:513:3:[m[K [01;36m[Knote: [m[Kcandidate: â€˜[01m[Ktemplate<class ParameterT> auto rclcpp::Node::[01;32m[Kdeclare_parameter[m[K(const std::string&, const rcl_interfaces::msg::ParameterDescriptor&, bool)[m[Kâ€™
[2.918s]   513 |   [01;36m[Kdeclare_parameter[m[K(
[2.918s]       |   [01;36m[K^~~~~~~~~~~~~~~~~[m[K
[2.918s] [01m[K/opt/ros/jazzy/include/rclcpp/rclcpp/node.hpp:513:3:[m[K [01;36m[Knote: [m[K  template argument deduction/substitution failed:
[2.918s] [01m[K/home/vusolee806/ydlidar_ros2_ws/src/slam_gmapping/src/transform.cpp:16:28:[m[K [01;36m[Knote: [m[K  couldnâ€™t deduce template parameter â€˜[01m[KParameterT[m[Kâ€™
[2.918s]    16 |     [01;36m[Kthis->declare_parameter("roll")[m[K;
[2.919s]       |     [01;36m[K~~~~~~~~~~~~~~~~~~~~~~~^~~~~~~~[m[K
[2.919s] [01m[K/opt/ros/jazzy/include/rclcpp/rclcpp/node.hpp:445:3:[m[K [01;36m[Knote: [m[Kcandidate: â€˜[01m[Kconst rclcpp::ParameterValue& rclcpp::Node::[01;32m[Kdeclare_parameter[m[K(const std::string&, const rclcpp::ParameterValue&, const rcl_interfaces::msg::ParameterDescriptor&, bool)[m[Kâ€™
[2.919s]   445 |   [01;36m[Kdeclare_parameter[m[K(
[2.919s]       |   [01;36m[K^~~~~~~~~~~~~~~~~[m[K
[2.919s] [01m[K/opt/ros/jazzy/include/rclcpp/rclcpp/node.hpp:445:3:[m[K [01;36m[Knote: [m[K  candidate expects 4 arguments, 1 provided
[2.919s] [01m[K/opt/ros/jazzy/include/rclcpp/rclcpp/node.hpp:470:3:[m[K [01;36m[Knote: [m[Kcandidate: â€˜[01m[Kconst rclcpp::ParameterValue& rclcpp::Node::[01;32m[Kdeclare_parameter[m[K(const std::string&, rclcpp::ParameterType, const rcl_interfaces::msg::ParameterDescriptor&, bool)[m[Kâ€™
[2.919s]   470 |   [01;36m[Kdeclare_parameter[m[K(
[2.919s]       |   [01;36m[K^~~~~~~~~~~~~~~~~[m[K
[2.919s] [01m[K/opt/ros/jazzy/include/rclcpp/rclcpp/node.hpp:470:3:[m[K [01;36m[Knote: [m[K  candidate expects 4 arguments, 1 provided
[2.920s] [01m[K/home/vusolee806/ydlidar_ros2_ws/src/slam_gmapping/src/transform.cpp:17:28:[m[K [01;31m[Kerror: [m[Kno matching function for call to â€˜[01m[KTransform::declare_parameter(const char [6])[m[Kâ€™
[2.920s]    17 |     [01;31m[Kthis->declare_parameter("pitch")[m[K;
[2.920s]       |     [01;31m[K~~~~~~~~~~~~~~~~~~~~~~~^~~~~~~~~[m[K
[2.920s] [01m[K/opt/ros/jazzy/include/rclcpp/rclcpp/node.hpp:500:3:[m[K [01;36m[Knote: [m[Kcandidate: â€˜[01m[Ktemplate<class ParameterT> auto rclcpp::Node::[01;32m[Kdeclare_parameter[m[K(const std::string&, const ParameterT&, const rcl_interfaces::msg::ParameterDescriptor&, bool)[m[Kâ€™
[2.920s]   500 |   [01;36m[Kdeclare_parameter[m[K(
[2.920s]       |   [01;36m[K^~~~~~~~~~~~~~~~~[m[K
[2.920s] [01m[K/opt/ros/jazzy/include/rclcpp/rclcpp/node.hpp:500:3:[m[K [01;36m[Knote: [m[K  template argument deduction/substitution failed:
[2.920s] [01m[K/home/vusolee806/ydlidar_ros2_ws/src/slam_gmapping/src/transform.cpp:17:28:[m[K [01;36m[Knote: [m[K  candidate expects 4 arguments, 1 provided
[2.920s]    17 |     [01;36m[Kthis->declare_parameter("pitch")[m[K;
[2.920s]       |     [01;36m[K~~~~~~~~~~~~~~~~~~~~~~~^~~~~~~~~[m[K
[2.920s] [01m[K/opt/ros/jazzy/include/rclcpp/rclcpp/node.hpp:513:3:[m[K [01;36m[Knote: [m[Kcandidate: â€˜[01m[Ktemplate<class ParameterT> auto rclcpp::Node::[01;32m[Kdeclare_parameter[m[K(const std::string&, const rcl_interfaces::msg::ParameterDescriptor&, bool)[m[Kâ€™
[2.920s]   513 |   [01;36m[Kdeclare_parameter[m[K(
[2.920s]       |   [01;36m[K^~~~~~~~~~~~~~~~~[m[K
[2.921s] [01m[K/opt/ros/jazzy/include/rclcpp/rclcpp/node.hpp:513:3:[m[K [01;36m[Knote: [m[K  template argument deduction/substitution failed:
[2.921s] [01m[K/home/vusolee806/ydlidar_ros2_ws/src/slam_gmapping/src/transform.cpp:17:28:[m[K [01;36m[Knote: [m[K  couldnâ€™t deduce template parameter â€˜[01m[KParameterT[m[Kâ€™
[2.921s]    17 |     [01;36m[Kthis->declare_parameter("pitch")[m[K;
[2.921s]       |     [01;36m[K~~~~~~~~~~~~~~~~~~~~~~~^~~~~~~~~[m[K
[2.921s] [01m[K/opt/ros/jazzy/include/rclcpp/rclcpp/node.hpp:445:3:[m[K [01;36m[Knote: [m[Kcandidate: â€˜[01m[Kconst rclcpp::ParameterValue& rclcpp::Node::[01;32m[Kdeclare_parameter[m[K(const std::string&, const rclcpp::ParameterValue&, const rcl_interfaces::msg::ParameterDescriptor&, bool)[m[Kâ€™
[2.921s]   445 |   [01;36m[Kdeclare_parameter[m[K(
[2.921s]       |   [01;36m[K^~~~~~~~~~~~~~~~~[m[K
[2.921s] [01m[K/opt/ros/jazzy/include/rclcpp/rclcpp/node.hpp:445:3:[m[K [01;36m[Knote: [m[K  candidate expects 4 arguments, 1 provided
[2.921s] [01m[K/opt/ros/jazzy/include/rclcpp/rclcpp/node.hpp:470:3:[m[K [01;36m[Knote: [m[Kcandidate: â€˜[01m[Kconst rclcpp::ParameterValue& rclcpp::Node::[01;32m[Kdeclare_parameter[m[K(const std::string&, rclcpp::ParameterType, const rcl_interfaces::msg::ParameterDescriptor&, bool)[m[Kâ€™
[2.921s]   470 |   [01;36m[Kdeclare_parameter[m[K(
[2.921s]       |   [01;36m[K^~~~~~~~~~~~~~~~~[m[K
[2.921s] [01m[K/opt/ros/jazzy/include/rclcpp/rclcpp/node.hpp:470:3:[m[K [01;36m[Knote: [m[K  candidate expects 4 arguments, 1 provided
[2.921s] [01m[K/home/vusolee806/ydlidar_ros2_ws/src/slam_gmapping/src/transform.cpp:18:28:[m[K [01;31m[Kerror: [m[Kno matching function for call to â€˜[01m[KTransform::declare_parameter(const char [4])[m[Kâ€™
[2.922s]    18 |     [01;31m[Kthis->declare_parameter("yaw")[m[K;
[2.922s]       |     [01;31m[K~~~~~~~~~~~~~~~~~~~~~~~^~~~~~~[m[K
[2.922s] [01m[K/opt/ros/jazzy/include/rclcpp/rclcpp/node.hpp:500:3:[m[K [01;36m[Knote: [m[Kcandidate: â€˜[01m[Ktemplate<class ParameterT> auto rclcpp::Node::[01;32m[Kdeclare_parameter[m[K(const std::string&, const ParameterT&, const rcl_interfaces::msg::ParameterDescriptor&, bool)[m[Kâ€™
[2.922s]   500 |   [01;36m[Kdeclare_parameter[m[K(
[2.922s]       |   [01;36m[K^~~~~~~~~~~~~~~~~[m[K
[2.922s] [01m[K/opt/ros/jazzy/include/rclcpp/rclcpp/node.hpp:500:3:[m[K [01;36m[Knote: [m[K  template argument deduction/substitution failed:
[2.922s] [01m[K/home/vusolee806/ydlidar_ros2_ws/src/slam_gmapping/src/transform.cpp:18:28:[m[K [01;36m[Knote: [m[K  candidate expects 4 arguments, 1 provided
[2.922s]    18 |     [01;36m[Kthis->declare_parameter("yaw")[m[K;
[2.922s]       |     [01;36m[K~~~~~~~~~~~~~~~~~~~~~~~^~~~~~~[m[K
[2.922s] [01m[K/opt/ros/jazzy/include/rclcpp/rclcpp/node.hpp:513:3:[m[K [01;36m[Knote: [m[Kcandidate: â€˜[01m[Ktemplate<class ParameterT> auto rclcpp::Node::[01;32m[Kdeclare_parameter[m[K(const std::string&, const rcl_interfaces::msg::ParameterDescriptor&, bool)[m[Kâ€™
[2.922s]   513 |   [01;36m[Kdeclare_parameter[m[K(
[2.922s]       |   [01;36m[K^~~~~~~~~~~~~~~~~[m[K
[2.922s] [01m[K/opt/ros/jazzy/include/rclcpp/rclcpp/node.hpp:513:3:[m[K [01;36m[Knote: [m[K  template argument deduction/substitution failed:
[2.922s] [01m[K/home/vusolee806/ydlidar_ros2_ws/src/slam_gmapping/src/transform.cpp:18:28:[m[K [01;36m[Knote: [m[K  couldnâ€™t deduce template parameter â€˜[01m[KParameterT[m[Kâ€™
[2.923s]    18 |     [01;36m[Kthis->declare_parameter("yaw")[m[K;
[2.923s]       |     [01;36m[K~~~~~~~~~~~~~~~~~~~~~~~^~~~~~~[m[K
[2.923s] [01m[K/opt/ros/jazzy/include/rclcpp/rclcpp/node.hpp:445:3:[m[K [01;36m[Knote: [m[Kcandidate: â€˜[01m[Kconst rclcpp::ParameterValue& rclcpp::Node::[01;32m[Kdeclare_parameter[m[K(const std::string&, const rclcpp::ParameterValue&, const rcl_interfaces::msg::ParameterDescriptor&, bool)[m[Kâ€™
[2.923s]   445 |   [01;36m[Kdeclare_parameter[m[K(
[2.923s]       |   [01;36m[K^~~~~~~~~~~~~~~~~[m[K
[2.923s] [01m[K/opt/ros/jazzy/include/rclcpp/rclcpp/node.hpp:445:3:[m[K [01;36m[Knote: [m[K  candidate expects 4 arguments, 1 provided
[2.923s] [01m[K/opt/ros/jazzy/include/rclcpp/rclcpp/node.hpp:470:3:[m[K [01;36m[Knote: [m[Kcandidate: â€˜[01m[Kconst rclcpp::ParameterValue& rclcpp::Node::[01;32m[Kdeclare_parameter[m[K(const std::string&, rclcpp::ParameterType, const rcl_interfaces::msg::ParameterDescriptor&, bool)[m[Kâ€™
[2.923s]   470 |   [01;36m[Kdeclare_parameter[m[K(
[2.923s]       |   [01;36m[K^~~~~~~~~~~~~~~~~[m[K
[2.923s] [01m[K/opt/ros/jazzy/include/rclcpp/rclcpp/node.hpp:470:3:[m[K [01;36m[Knote: [m[K  candidate expects 4 arguments, 1 provided
[4.314s] gmake[2]: *** [CMakeFiles/transform.dir/build.make:76: CMakeFiles/transform.dir/src/transform.cpp.o] Error 1
[4.314s] gmake[1]: *** [CMakeFiles/Makefile2:165: CMakeFiles/transform.dir/all] Error 2
[4.314s] gmake: *** [Makefile:146: all] Error 2
[4.317s] Invoked command in '/home/vusolee806/ydlidar_ros2_ws/build/slam_gmapping' returned '2': CMAKE_PREFIX_PATH=/home/vusolee806/ydlidar_ros2_ws/install/openslam_gmapping:/home/vusolee806/ydlidar_ros2_ws/install/ydlidar_ros2_driver:/opt/ros/jazzy/opt/gz_sim_vendor:/opt/ros/jazzy/opt/gz_sensors_vendor:/opt/ros/jazzy/opt/gz_physics_vendor:/opt/ros/jazzy/opt/sdformat_vendor:/opt/ros/jazzy/opt/gz_gui_vendor:/opt/ros/jazzy/opt/gz_transport_vendor:/opt/ros/jazzy/opt/gz_rendering_vendor:/opt/ros/jazzy/opt/gz_plugin_vendor:/opt/ros/jazzy/opt/gz_fuel_tools_vendor:/opt/ros/jazzy/opt/gz_msgs_vendor:/opt/ros/jazzy/opt/gz_common_vendor:/opt/ros/jazzy/opt/gz_math_vendor:/opt/ros/jazzy/opt/gz_utils_vendor:/opt/ros/jazzy/opt/gz_tools_vendor:/opt/ros/jazzy/opt/gz_ogre_next_vendor:/opt/ros/jazzy/opt/gz_dartsim_vendor:/opt/ros/jazzy/opt/gz_cmake_vendor:/opt/ros/jazzy DEBUGINFOD_URLS=https://debuginfod.ubuntu.com /usr/bin/cmake --build /home/vusolee806/ydlidar_ros2_ws/build/slam_gmapping -- -j16 -l16
